
1428067629878:DEBUG:ISERVER:LittleBlocks:Registering names...:LBInit.preInitialize->SlimevoidCore.console->SlimevoidCore.console
1428067629900:DEBUG:ISERVER:LittleBlocks:Registering items...:LBInit.preInitialize->SlimevoidCore.console->SlimevoidCore.console
1428067629902:DEBUG:ISERVER:LittleBlocks:Registering blocks...:LBInit.preInitialize->SlimevoidCore.console->SlimevoidCore.console
1428067649940:DEBUG:ISERVER:SlimevoidLib:XML Variable loaded for [$tile.air] @ID [0]:XMLLoader.addXmlVariable->SlimevoidCore.console->SlimevoidCore.console
1428067649940:DEBUG:ISERVER:SlimevoidLib:XML Variable loaded for [$tile.stone] @ID [1]:XMLLoader.addXmlVariable->SlimevoidCore.console->SlimevoidCore.console
1428067649940:DEBUG:ISERVER:SlimevoidLib:XML Variable loaded for [$tile.grass] @ID [2]:XMLLoader.addXmlVariable->SlimevoidCore.console->SlimevoidCore.console
1428067649940:DEBUG:ISERVER:SlimevoidLib:XML Variable loaded for [$tile.dirt] @ID [3]:XMLLoader.addXmlVariable->SlimevoidCore.console->SlimevoidCore.console
1428067649940:DEBUG:ISERVER:SlimevoidLib:XML Variable loaded for [$tile.stonebrick] @ID [4]:XMLLoader.addXmlVariable->SlimevoidCore.console->SlimevoidCore.console
1428067649941:DEBUG:ISERVER:SlimevoidLib:XML Variable loaded for [$tile.wood] @ID [5]:XMLLoader.addXmlVariable->SlimevoidCore.console->SlimevoidCore.console
1428067649941:DEBUG:ISERVER:SlimevoidLib:XML Variable loaded for [$tile.sapling] @ID [6]:XMLLoader.addXmlVariable->SlimevoidCore.console->SlimevoidCore.console
1428067649941:DEBUG:ISERVER:SlimevoidLib:XML Variable loaded for [$tile.bedrock] @ID [7]:XMLLoader.addXmlVariable->SlimevoidCore.console->SlimevoidCore.console
1428067649941:DEBUG:ISERVER:SlimevoidLib:XML Variable loaded for [$tile.water] @ID [8]:XMLLoader.addXmlVariable->SlimevoidCore.console->SlimevoidCore.console
1428067649941:DEBUG:ISERVER:SlimevoidLib:XML Variable loaded for [$tile.water1] @ID [9]:XMLLoader.addXmlVariable->SlimevoidCore.console->SlimevoidCore.console
1428067649941:DEBUG:ISERVER:SlimevoidLib:XML Variable loaded for [$tile.lava] @ID [10]:XMLLoader.addXmlVariable->SlimevoidCore.console->SlimevoidCore.console
1428067649941:DEBUG:ISERVER:SlimevoidLib:XML Variable loaded for [$tile.lava1] @ID [11]:XMLLoader.addXmlVariable->SlimevoidCore.console->SlimevoidCore.console
1428067649941:DEBUG:ISERVER:SlimevoidLib:XML Variable loaded for [$tile.sand] @ID [12]:XMLLoader.addXmlVariable->SlimevoidCore.console->SlimevoidCore.console
1428067649942:DEBUG:ISERVER:SlimevoidLib:XML Variable loaded for [$tile.gravel] @ID [13]:XMLLoader.addXmlVariable->SlimevoidCore.console->SlimevoidCore.console
1428067649942:DEBUG:ISERVER:SlimevoidLib:XML Variable loaded for [$tile.oreGold] @ID [14]:XMLLoader.addXmlVariable->SlimevoidCore.console->SlimevoidCore.console
1428067649942:DEBUG:ISERVER:SlimevoidLib:XML Variable loaded for [$tile.oreIron] @ID [15]:XMLLoader.addXmlVariable->SlimevoidCore.console->SlimevoidCore.console
1428067649942:DEBUG:ISERVER:SlimevoidLib:XML Variable loaded for [$tile.oreCoal] @ID [16]:XMLLoader.addXmlVariable->SlimevoidCore.console->SlimevoidCore.console
1428067649942:DEBUG:ISERVER:SlimevoidLib:XML Variable loaded for [$tile.log] @ID [17]:XMLLoader.addXmlVariable->SlimevoidCore.console->SlimevoidCore.console
1428067649942:DEBUG:ISERVER:SlimevoidLib:XML Variable loaded for [$tile.leaves] @ID [18]:XMLLoader.addXmlVariable->SlimevoidCore.console->SlimevoidCore.console
1428067649943:DEBUG:ISERVER:SlimevoidLib:XML Variable loaded for [$tile.sponge] @ID [19]:XMLLoader.addXmlVariable->SlimevoidCore.console->SlimevoidCore.console
1428067649943:DEBUG:ISERVER:SlimevoidLib:XML Variable loaded for [$tile.glass] @ID [20]:XMLLoader.addXmlVariable->SlimevoidCore.console->SlimevoidCore.console
1428067649943:DEBUG:ISERVER:SlimevoidLib:XML Variable loaded for [$tile.oreLapis] @ID [21]:XMLLoader.addXmlVariable->SlimevoidCore.console->SlimevoidCore.console
1428067649943:DEBUG:ISERVER:SlimevoidLib:XML Variable loaded for [$tile.blockLapis] @ID [22]:XMLLoader.addXmlVariable->SlimevoidCore.console->SlimevoidCore.console
1428067649943:DEBUG:ISERVER:SlimevoidLib:XML Variable loaded for [$tile.dispenser] @ID [23]:XMLLoader.addXmlVariable->SlimevoidCore.console->SlimevoidCore.console
1428067649943:DEBUG:ISERVER:SlimevoidLib:XML Variable loaded for [$tile.sandStone] @ID [24]:XMLLoader.addXmlVariable->SlimevoidCore.console->SlimevoidCore.console
1428067649944:DEBUG:ISERVER:SlimevoidLib:XML Variable loaded for [$tile.musicBlock] @ID [25]:XMLLoader.addXmlVariable->SlimevoidCore.console->SlimevoidCore.console
1428067649944:DEBUG:ISERVER:SlimevoidLib:XML Variable loaded for [$tile.bed] @ID [26]:XMLLoader.addXmlVariable->SlimevoidCore.console->SlimevoidCore.console
1428067649944:DEBUG:ISERVER:SlimevoidLib:XML Variable loaded for [$tile.goldenRail] @ID [27]:XMLLoader.addXmlVariable->SlimevoidCore.console->SlimevoidCore.console
1428067649944:DEBUG:ISERVER:SlimevoidLib:XML Variable loaded for [$tile.detectorRail] @ID [28]:XMLLoader.addXmlVariable->SlimevoidCore.console->SlimevoidCore.console
1428067649944:DEBUG:ISERVER:SlimevoidLib:XML Variable loaded for [$tile.pistonStickyBase] @ID [29]:XMLLoader.addXmlVariable->SlimevoidCore.console->SlimevoidCore.console
1428067649944:DEBUG:ISERVER:SlimevoidLib:XML Variable loaded for [$tile.web] @ID [30]:XMLLoader.addXmlVariable->SlimevoidCore.console->SlimevoidCore.console
1428067649944:DEBUG:ISERVER:SlimevoidLib:XML Variable loaded for [$tile.tallgrass] @ID [31]:XMLLoader.addXmlVariable->SlimevoidCore.console->SlimevoidCore.console
1428067649944:DEBUG:ISERVER:SlimevoidLib:XML Variable loaded for [$tile.deadbush] @ID [32]:XMLLoader.addXmlVariable->SlimevoidCore.console->SlimevoidCore.console
1428067649945:DEBUG:ISERVER:SlimevoidLib:XML Variable loaded for [$tile.pistonBase] @ID [33]:XMLLoader.addXmlVariable->SlimevoidCore.console->SlimevoidCore.console
1428067649945:DEBUG:ISERVER:SlimevoidLib:XML Variable loaded for [$tile.null] @ID [34]:XMLLoader.addXmlVariable->SlimevoidCore.console->SlimevoidCore.console
1428067649945:DEBUG:ISERVER:SlimevoidLib:XML Variable loaded for [$tile.cloth] @ID [35]:XMLLoader.addXmlVariable->SlimevoidCore.console->SlimevoidCore.console
1428067649945:DEBUG:ISERVER:SlimevoidLib:XML Variable loaded for [$tile.null1] @ID [36]:XMLLoader.addXmlVariable->SlimevoidCore.console->SlimevoidCore.console
1428067649945:DEBUG:ISERVER:SlimevoidLib:XML Variable loaded for [$tile.flower1] @ID [37]:XMLLoader.addXmlVariable->SlimevoidCore.console->SlimevoidCore.console
1428067649945:DEBUG:ISERVER:SlimevoidLib:XML Variable loaded for [$tile.flower2] @ID [38]:XMLLoader.addXmlVariable->SlimevoidCore.console->SlimevoidCore.console
1428067649945:DEBUG:ISERVER:SlimevoidLib:XML Variable loaded for [$tile.mushroom] @ID [39]:XMLLoader.addXmlVariable->SlimevoidCore.console->SlimevoidCore.console
1428067649945:DEBUG:ISERVER:SlimevoidLib:XML Variable loaded for [$tile.mushroom1] @ID [40]:XMLLoader.addXmlVariable->SlimevoidCore.console->SlimevoidCore.console
1428067649945:DEBUG:ISERVER:SlimevoidLib:XML Variable loaded for [$tile.blockGold] @ID [41]:XMLLoader.addXmlVariable->SlimevoidCore.console->SlimevoidCore.console
1428067649946:DEBUG:ISERVER:SlimevoidLib:XML Variable loaded for [$tile.blockIron] @ID [42]:XMLLoader.addXmlVariable->SlimevoidCore.console->SlimevoidCore.console
1428067649946:DEBUG:ISERVER:SlimevoidLib:XML Variable loaded for [$tile.stoneSlab] @ID [43]:XMLLoader.addXmlVariable->SlimevoidCore.console->SlimevoidCore.console
1428067649946:DEBUG:ISERVER:SlimevoidLib:XML Variable loaded for [$tile.stoneSlab1] @ID [44]:XMLLoader.addXmlVariable->SlimevoidCore.console->SlimevoidCore.console
1428067649946:DEBUG:ISERVER:SlimevoidLib:XML Variable loaded for [$tile.brick] @ID [45]:XMLLoader.addXmlVariable->SlimevoidCore.console->SlimevoidCore.console
1428067649946:DEBUG:ISERVER:SlimevoidLib:XML Variable loaded for [$tile.tnt] @ID [46]:XMLLoader.addXmlVariable->SlimevoidCore.console->SlimevoidCore.console
1428067649946:DEBUG:ISERVER:SlimevoidLib:XML Variable loaded for [$tile.bookshelf] @ID [47]:XMLLoader.addXmlVariable->SlimevoidCore.console->SlimevoidCore.console
1428067649946:DEBUG:ISERVER:SlimevoidLib:XML Variable loaded for [$tile.stoneMoss] @ID [48]:XMLLoader.addXmlVariable->SlimevoidCore.console->SlimevoidCore.console
1428067649946:DEBUG:ISERVER:SlimevoidLib:XML Variable loaded for [$tile.obsidian] @ID [49]:XMLLoader.addXmlVariable->SlimevoidCore.console->SlimevoidCore.console
1428067649946:DEBUG:ISERVER:SlimevoidLib:XML Variable loaded for [$tile.torch] @ID [50]:XMLLoader.addXmlVariable->SlimevoidCore.console->SlimevoidCore.console
1428067649947:DEBUG:ISERVER:SlimevoidLib:XML Variable loaded for [$tile.fire] @ID [51]:XMLLoader.addXmlVariable->SlimevoidCore.console->SlimevoidCore.console
1428067649947:DEBUG:ISERVER:SlimevoidLib:XML Variable loaded for [$tile.mobSpawner] @ID [52]:XMLLoader.addXmlVariable->SlimevoidCore.console->SlimevoidCore.console
1428067649947:DEBUG:ISERVER:SlimevoidLib:XML Variable loaded for [$tile.stairsWood] @ID [53]:XMLLoader.addXmlVariable->SlimevoidCore.console->SlimevoidCore.console
1428067649947:DEBUG:ISERVER:SlimevoidLib:XML Variable loaded for [$tile.chest] @ID [54]:XMLLoader.addXmlVariable->SlimevoidCore.console->SlimevoidCore.console
1428067649947:DEBUG:ISERVER:SlimevoidLib:XML Variable loaded for [$tile.redstoneDust] @ID [55]:XMLLoader.addXmlVariable->SlimevoidCore.console->SlimevoidCore.console
1428067649947:DEBUG:ISERVER:SlimevoidLib:XML Variable loaded for [$tile.oreDiamond] @ID [56]:XMLLoader.addXmlVariable->SlimevoidCore.console->SlimevoidCore.console
1428067649947:DEBUG:ISERVER:SlimevoidLib:XML Variable loaded for [$tile.blockDiamond] @ID [57]:XMLLoader.addXmlVariable->SlimevoidCore.console->SlimevoidCore.console
1428067649947:DEBUG:ISERVER:SlimevoidLib:XML Variable loaded for [$tile.workbench] @ID [58]:XMLLoader.addXmlVariable->SlimevoidCore.console->SlimevoidCore.console
1428067649947:DEBUG:ISERVER:SlimevoidLib:XML Variable loaded for [$tile.crops] @ID [59]:XMLLoader.addXmlVariable->SlimevoidCore.console->SlimevoidCore.console
1428067649948:DEBUG:ISERVER:SlimevoidLib:XML Variable loaded for [$tile.farmland] @ID [60]:XMLLoader.addXmlVariable->SlimevoidCore.console->SlimevoidCore.console
1428067649948:DEBUG:ISERVER:SlimevoidLib:XML Variable loaded for [$tile.furnace] @ID [61]:XMLLoader.addXmlVariable->SlimevoidCore.console->SlimevoidCore.console
1428067649948:DEBUG:ISERVER:SlimevoidLib:XML Variable loaded for [$tile.furnace1] @ID [62]:XMLLoader.addXmlVariable->SlimevoidCore.console->SlimevoidCore.console
1428067649948:DEBUG:ISERVER:SlimevoidLib:XML Variable loaded for [$tile.sign] @ID [63]:XMLLoader.addXmlVariable->SlimevoidCore.console->SlimevoidCore.console
1428067649948:DEBUG:ISERVER:SlimevoidLib:XML Variable loaded for [$tile.doorWood] @ID [64]:XMLLoader.addXmlVariable->SlimevoidCore.console->SlimevoidCore.console
1428067649948:DEBUG:ISERVER:SlimevoidLib:XML Variable loaded for [$tile.ladder] @ID [65]:XMLLoader.addXmlVariable->SlimevoidCore.console->SlimevoidCore.console
1428067649949:DEBUG:ISERVER:SlimevoidLib:XML Variable loaded for [$tile.rail] @ID [66]:XMLLoader.addXmlVariable->SlimevoidCore.console->SlimevoidCore.console
1428067649949:DEBUG:ISERVER:SlimevoidLib:XML Variable loaded for [$tile.stairsStone] @ID [67]:XMLLoader.addXmlVariable->SlimevoidCore.console->SlimevoidCore.console
1428067649949:DEBUG:ISERVER:SlimevoidLib:XML Variable loaded for [$tile.sign1] @ID [68]:XMLLoader.addXmlVariable->SlimevoidCore.console->SlimevoidCore.console
1428067649949:DEBUG:ISERVER:SlimevoidLib:XML Variable loaded for [$tile.lever] @ID [69]:XMLLoader.addXmlVariable->SlimevoidCore.console->SlimevoidCore.console
1428067649949:DEBUG:ISERVER:SlimevoidLib:XML Variable loaded for [$tile.pressurePlate] @ID [70]:XMLLoader.addXmlVariable->SlimevoidCore.console->SlimevoidCore.console
1428067649949:DEBUG:ISERVER:SlimevoidLib:XML Variable loaded for [$tile.doorIron] @ID [71]:XMLLoader.addXmlVariable->SlimevoidCore.console->SlimevoidCore.console
1428067649949:DEBUG:ISERVER:SlimevoidLib:XML Variable loaded for [$tile.pressurePlate1] @ID [72]:XMLLoader.addXmlVariable->SlimevoidCore.console->SlimevoidCore.console
1428067649950:DEBUG:ISERVER:SlimevoidLib:XML Variable loaded for [$tile.oreRedstone] @ID [73]:XMLLoader.addXmlVariable->SlimevoidCore.console->SlimevoidCore.console
1428067649950:DEBUG:ISERVER:SlimevoidLib:XML Variable loaded for [$tile.oreRedstone1] @ID [74]:XMLLoader.addXmlVariable->SlimevoidCore.console->SlimevoidCore.console
1428067649950:DEBUG:ISERVER:SlimevoidLib:XML Variable loaded for [$tile.notGate] @ID [75]:XMLLoader.addXmlVariable->SlimevoidCore.console->SlimevoidCore.console
1428067649950:DEBUG:ISERVER:SlimevoidLib:XML Variable loaded for [$tile.notGate1] @ID [76]:XMLLoader.addXmlVariable->SlimevoidCore.console->SlimevoidCore.console
1428067649950:DEBUG:ISERVER:SlimevoidLib:XML Variable loaded for [$tile.button] @ID [77]:XMLLoader.addXmlVariable->SlimevoidCore.console->SlimevoidCore.console
1428067649950:DEBUG:ISERVER:SlimevoidLib:XML Variable loaded for [$tile.snow] @ID [78]:XMLLoader.addXmlVariable->SlimevoidCore.console->SlimevoidCore.console
1428067649951:DEBUG:ISERVER:SlimevoidLib:XML Variable loaded for [$tile.ice] @ID [79]:XMLLoader.addXmlVariable->SlimevoidCore.console->SlimevoidCore.console
1428067649951:DEBUG:ISERVER:SlimevoidLib:XML Variable loaded for [$tile.snow1] @ID [80]:XMLLoader.addXmlVariable->SlimevoidCore.console->SlimevoidCore.console
1428067649951:DEBUG:ISERVER:SlimevoidLib:XML Variable loaded for [$tile.cactus] @ID [81]:XMLLoader.addXmlVariable->SlimevoidCore.console->SlimevoidCore.console
1428067649951:DEBUG:ISERVER:SlimevoidLib:XML Variable loaded for [$tile.clay] @ID [82]:XMLLoader.addXmlVariable->SlimevoidCore.console->SlimevoidCore.console
1428067649953:DEBUG:ISERVER:SlimevoidLib:XML Variable loaded for [$tile.reeds] @ID [83]:XMLLoader.addXmlVariable->SlimevoidCore.console->SlimevoidCore.console
1428067649954:DEBUG:ISERVER:SlimevoidLib:XML Variable loaded for [$tile.jukebox] @ID [84]:XMLLoader.addXmlVariable->SlimevoidCore.console->SlimevoidCore.console
1428067649954:DEBUG:ISERVER:SlimevoidLib:XML Variable loaded for [$tile.fence] @ID [85]:XMLLoader.addXmlVariable->SlimevoidCore.console->SlimevoidCore.console
1428067649954:DEBUG:ISERVER:SlimevoidLib:XML Variable loaded for [$tile.pumpkin] @ID [86]:XMLLoader.addXmlVariable->SlimevoidCore.console->SlimevoidCore.console
1428067649954:DEBUG:ISERVER:SlimevoidLib:XML Variable loaded for [$tile.hellrock] @ID [87]:XMLLoader.addXmlVariable->SlimevoidCore.console->SlimevoidCore.console
1428067649955:DEBUG:ISERVER:SlimevoidLib:XML Variable loaded for [$tile.hellsand] @ID [88]:XMLLoader.addXmlVariable->SlimevoidCore.console->SlimevoidCore.console
1428067649955:DEBUG:ISERVER:SlimevoidLib:XML Variable loaded for [$tile.lightgem] @ID [89]:XMLLoader.addXmlVariable->SlimevoidCore.console->SlimevoidCore.console
1428067649955:DEBUG:ISERVER:SlimevoidLib:XML Variable loaded for [$tile.portal] @ID [90]:XMLLoader.addXmlVariable->SlimevoidCore.console->SlimevoidCore.console
1428067649955:DEBUG:ISERVER:SlimevoidLib:XML Variable loaded for [$tile.litpumpkin] @ID [91]:XMLLoader.addXmlVariable->SlimevoidCore.console->SlimevoidCore.console
1428067649955:DEBUG:ISERVER:SlimevoidLib:XML Variable loaded for [$tile.cake] @ID [92]:XMLLoader.addXmlVariable->SlimevoidCore.console->SlimevoidCore.console
1428067649955:DEBUG:ISERVER:SlimevoidLib:XML Variable loaded for [$tile.diode] @ID [93]:XMLLoader.addXmlVariable->SlimevoidCore.console->SlimevoidCore.console
1428067649956:DEBUG:ISERVER:SlimevoidLib:XML Variable loaded for [$tile.diode1] @ID [94]:XMLLoader.addXmlVariable->SlimevoidCore.console->SlimevoidCore.console
1428067649956:DEBUG:ISERVER:SlimevoidLib:XML Variable loaded for [$tile.stainedGlass] @ID [95]:XMLLoader.addXmlVariable->SlimevoidCore.console->SlimevoidCore.console
1428067649956:DEBUG:ISERVER:SlimevoidLib:XML Variable loaded for [$tile.trapdoor] @ID [96]:XMLLoader.addXmlVariable->SlimevoidCore.console->SlimevoidCore.console
1428067649956:DEBUG:ISERVER:SlimevoidLib:XML Variable loaded for [$tile.monsterStoneEgg] @ID [97]:XMLLoader.addXmlVariable->SlimevoidCore.console->SlimevoidCore.console
1428067649956:DEBUG:ISERVER:SlimevoidLib:XML Variable loaded for [$tile.stonebricksmooth] @ID [98]:XMLLoader.addXmlVariable->SlimevoidCore.console->SlimevoidCore.console
1428067649956:DEBUG:ISERVER:SlimevoidLib:XML Variable loaded for [$tile.mushroom2] @ID [99]:XMLLoader.addXmlVariable->SlimevoidCore.console->SlimevoidCore.console
1428067649957:DEBUG:ISERVER:SlimevoidLib:XML Variable loaded for [$tile.mushroom3] @ID [100]:XMLLoader.addXmlVariable->SlimevoidCore.console->SlimevoidCore.console
1428067649957:DEBUG:ISERVER:SlimevoidLib:XML Variable loaded for [$tile.fenceIron] @ID [101]:XMLLoader.addXmlVariable->SlimevoidCore.console->SlimevoidCore.console
1428067649957:DEBUG:ISERVER:SlimevoidLib:XML Variable loaded for [$tile.thinGlass] @ID [102]:XMLLoader.addXmlVariable->SlimevoidCore.console->SlimevoidCore.console
1428067649957:DEBUG:ISERVER:SlimevoidLib:XML Variable loaded for [$tile.melon] @ID [103]:XMLLoader.addXmlVariable->SlimevoidCore.console->SlimevoidCore.console
1428067649959:DEBUG:ISERVER:SlimevoidLib:XML Variable loaded for [$tile.pumpkinStem] @ID [104]:XMLLoader.addXmlVariable->SlimevoidCore.console->SlimevoidCore.console
1428067649960:DEBUG:ISERVER:SlimevoidLib:XML Variable loaded for [$tile.pumpkinStem1] @ID [105]:XMLLoader.addXmlVariable->SlimevoidCore.console->SlimevoidCore.console
1428067649960:DEBUG:ISERVER:SlimevoidLib:XML Variable loaded for [$tile.vine] @ID [106]:XMLLoader.addXmlVariable->SlimevoidCore.console->SlimevoidCore.console
1428067649960:DEBUG:ISERVER:SlimevoidLib:XML Variable loaded for [$tile.fenceGate] @ID [107]:XMLLoader.addXmlVariable->SlimevoidCore.console->SlimevoidCore.console
1428067649961:DEBUG:ISERVER:SlimevoidLib:XML Variable loaded for [$tile.stairsBrick] @ID [108]:XMLLoader.addXmlVariable->SlimevoidCore.console->SlimevoidCore.console
1428067649961:DEBUG:ISERVER:SlimevoidLib:XML Variable loaded for [$tile.stairsStoneBrickSmooth] @ID [109]:XMLLoader.addXmlVariable->SlimevoidCore.console->SlimevoidCore.console
1428067649962:DEBUG:ISERVER:SlimevoidLib:XML Variable loaded for [$tile.mycel] @ID [110]:XMLLoader.addXmlVariable->SlimevoidCore.console->SlimevoidCore.console
1428067649963:DEBUG:ISERVER:SlimevoidLib:XML Variable loaded for [$tile.waterlily] @ID [111]:XMLLoader.addXmlVariable->SlimevoidCore.console->SlimevoidCore.console
1428067649966:DEBUG:ISERVER:SlimevoidLib:XML Variable loaded for [$tile.netherBrick] @ID [112]:XMLLoader.addXmlVariable->SlimevoidCore.console->SlimevoidCore.console
1428067649966:DEBUG:ISERVER:SlimevoidLib:XML Variable loaded for [$tile.netherFence] @ID [113]:XMLLoader.addXmlVariable->SlimevoidCore.console->SlimevoidCore.console
1428067649967:DEBUG:ISERVER:SlimevoidLib:XML Variable loaded for [$tile.stairsNetherBrick] @ID [114]:XMLLoader.addXmlVariable->SlimevoidCore.console->SlimevoidCore.console
1428067649970:DEBUG:ISERVER:SlimevoidLib:XML Variable loaded for [$tile.netherStalk] @ID [115]:XMLLoader.addXmlVariable->SlimevoidCore.console->SlimevoidCore.console
1428067649971:DEBUG:ISERVER:SlimevoidLib:XML Variable loaded for [$tile.enchantmentTable] @ID [116]:XMLLoader.addXmlVariable->SlimevoidCore.console->SlimevoidCore.console
1428067649971:DEBUG:ISERVER:SlimevoidLib:XML Variable loaded for [$tile.brewingStand] @ID [117]:XMLLoader.addXmlVariable->SlimevoidCore.console->SlimevoidCore.console
1428067649971:DEBUG:ISERVER:SlimevoidLib:XML Variable loaded for [$tile.cauldron] @ID [118]:XMLLoader.addXmlVariable->SlimevoidCore.console->SlimevoidCore.console
1428067649972:DEBUG:ISERVER:SlimevoidLib:XML Variable loaded for [$tile.null2] @ID [119]:XMLLoader.addXmlVariable->SlimevoidCore.console->SlimevoidCore.console
1428067649972:DEBUG:ISERVER:SlimevoidLib:XML Variable loaded for [$tile.endPortalFrame] @ID [120]:XMLLoader.addXmlVariable->SlimevoidCore.console->SlimevoidCore.console
1428067649972:DEBUG:ISERVER:SlimevoidLib:XML Variable loaded for [$tile.whiteStone] @ID [121]:XMLLoader.addXmlVariable->SlimevoidCore.console->SlimevoidCore.console
1428067649973:DEBUG:ISERVER:SlimevoidLib:XML Variable loaded for [$tile.dragonEgg] @ID [122]:XMLLoader.addXmlVariable->SlimevoidCore.console->SlimevoidCore.console
1428067649973:DEBUG:ISERVER:SlimevoidLib:XML Variable loaded for [$tile.redstoneLight] @ID [123]:XMLLoader.addXmlVariable->SlimevoidCore.console->SlimevoidCore.console
1428067649974:DEBUG:ISERVER:SlimevoidLib:XML Variable loaded for [$tile.redstoneLight1] @ID [124]:XMLLoader.addXmlVariable->SlimevoidCore.console->SlimevoidCore.console
1428067649974:DEBUG:ISERVER:SlimevoidLib:XML Variable loaded for [$tile.woodSlab] @ID [125]:XMLLoader.addXmlVariable->SlimevoidCore.console->SlimevoidCore.console
1428067649974:DEBUG:ISERVER:SlimevoidLib:XML Variable loaded for [$tile.woodSlab1] @ID [126]:XMLLoader.addXmlVariable->SlimevoidCore.console->SlimevoidCore.console
1428067649974:DEBUG:ISERVER:SlimevoidLib:XML Variable loaded for [$tile.cocoa] @ID [127]:XMLLoader.addXmlVariable->SlimevoidCore.console->SlimevoidCore.console
1428067649975:DEBUG:ISERVER:SlimevoidLib:XML Variable loaded for [$tile.stairsSandStone] @ID [128]:XMLLoader.addXmlVariable->SlimevoidCore.console->SlimevoidCore.console
1428067649975:DEBUG:ISERVER:SlimevoidLib:XML Variable loaded for [$tile.oreEmerald] @ID [129]:XMLLoader.addXmlVariable->SlimevoidCore.console->SlimevoidCore.console
1428067649975:DEBUG:ISERVER:SlimevoidLib:XML Variable loaded for [$tile.enderChest] @ID [130]:XMLLoader.addXmlVariable->SlimevoidCore.console->SlimevoidCore.console
1428067649975:DEBUG:ISERVER:SlimevoidLib:XML Variable loaded for [$tile.tripWireSource] @ID [131]:XMLLoader.addXmlVariable->SlimevoidCore.console->SlimevoidCore.console
1428067649975:DEBUG:ISERVER:SlimevoidLib:XML Variable loaded for [$tile.tripWire] @ID [132]:XMLLoader.addXmlVariable->SlimevoidCore.console->SlimevoidCore.console
1428067649976:DEBUG:ISERVER:SlimevoidLib:XML Variable loaded for [$tile.blockEmerald] @ID [133]:XMLLoader.addXmlVariable->SlimevoidCore.console->SlimevoidCore.console
1428067649976:DEBUG:ISERVER:SlimevoidLib:XML Variable loaded for [$tile.stairsWoodSpruce] @ID [134]:XMLLoader.addXmlVariable->SlimevoidCore.console->SlimevoidCore.console
1428067649977:DEBUG:ISERVER:SlimevoidLib:XML Variable loaded for [$tile.stairsWoodBirch] @ID [135]:XMLLoader.addXmlVariable->SlimevoidCore.console->SlimevoidCore.console
1428067649977:DEBUG:ISERVER:SlimevoidLib:XML Variable loaded for [$tile.stairsWoodJungle] @ID [136]:XMLLoader.addXmlVariable->SlimevoidCore.console->SlimevoidCore.console
1428067649977:DEBUG:ISERVER:SlimevoidLib:XML Variable loaded for [$tile.commandBlock] @ID [137]:XMLLoader.addXmlVariable->SlimevoidCore.console->SlimevoidCore.console
1428067649979:DEBUG:ISERVER:SlimevoidLib:XML Variable loaded for [$tile.beacon] @ID [138]:XMLLoader.addXmlVariable->SlimevoidCore.console->SlimevoidCore.console
1428067649980:DEBUG:ISERVER:SlimevoidLib:XML Variable loaded for [$tile.cobbleWall] @ID [139]:XMLLoader.addXmlVariable->SlimevoidCore.console->SlimevoidCore.console
1428067649980:DEBUG:ISERVER:SlimevoidLib:XML Variable loaded for [$tile.flowerPot] @ID [140]:XMLLoader.addXmlVariable->SlimevoidCore.console->SlimevoidCore.console
1428067649980:DEBUG:ISERVER:SlimevoidLib:XML Variable loaded for [$tile.carrots] @ID [141]:XMLLoader.addXmlVariable->SlimevoidCore.console->SlimevoidCore.console
1428067649981:DEBUG:ISERVER:SlimevoidLib:XML Variable loaded for [$tile.potatoes] @ID [142]:XMLLoader.addXmlVariable->SlimevoidCore.console->SlimevoidCore.console
1428067649981:DEBUG:ISERVER:SlimevoidLib:XML Variable loaded for [$tile.button1] @ID [143]:XMLLoader.addXmlVariable->SlimevoidCore.console->SlimevoidCore.console
1428067649981:DEBUG:ISERVER:SlimevoidLib:XML Variable loaded for [$tile.skull] @ID [144]:XMLLoader.addXmlVariable->SlimevoidCore.console->SlimevoidCore.console
1428067649982:DEBUG:ISERVER:SlimevoidLib:XML Variable loaded for [$tile.anvil] @ID [145]:XMLLoader.addXmlVariable->SlimevoidCore.console->SlimevoidCore.console
1428067649982:DEBUG:ISERVER:SlimevoidLib:XML Variable loaded for [$tile.chestTrap] @ID [146]:XMLLoader.addXmlVariable->SlimevoidCore.console->SlimevoidCore.console
1428067649982:DEBUG:ISERVER:SlimevoidLib:XML Variable loaded for [$tile.weightedPlate_light] @ID [147]:XMLLoader.addXmlVariable->SlimevoidCore.console->SlimevoidCore.console
1428067649982:DEBUG:ISERVER:SlimevoidLib:XML Variable loaded for [$tile.weightedPlate_heavy] @ID [148]:XMLLoader.addXmlVariable->SlimevoidCore.console->SlimevoidCore.console
1428067649982:DEBUG:ISERVER:SlimevoidLib:XML Variable loaded for [$tile.comparator] @ID [149]:XMLLoader.addXmlVariable->SlimevoidCore.console->SlimevoidCore.console
1428067649982:DEBUG:ISERVER:SlimevoidLib:XML Variable loaded for [$tile.comparator1] @ID [150]:XMLLoader.addXmlVariable->SlimevoidCore.console->SlimevoidCore.console
1428067649982:DEBUG:ISERVER:SlimevoidLib:XML Variable loaded for [$tile.daylightDetector] @ID [151]:XMLLoader.addXmlVariable->SlimevoidCore.console->SlimevoidCore.console
1428067649983:DEBUG:ISERVER:SlimevoidLib:XML Variable loaded for [$tile.blockRedstone] @ID [152]:XMLLoader.addXmlVariable->SlimevoidCore.console->SlimevoidCore.console
1428067649983:DEBUG:ISERVER:SlimevoidLib:XML Variable loaded for [$tile.netherquartz] @ID [153]:XMLLoader.addXmlVariable->SlimevoidCore.console->SlimevoidCore.console
1428067649983:DEBUG:ISERVER:SlimevoidLib:XML Variable loaded for [$tile.hopper] @ID [154]:XMLLoader.addXmlVariable->SlimevoidCore.console->SlimevoidCore.console
1428067649983:DEBUG:ISERVER:SlimevoidLib:XML Variable loaded for [$tile.quartzBlock] @ID [155]:XMLLoader.addXmlVariable->SlimevoidCore.console->SlimevoidCore.console
1428067649983:DEBUG:ISERVER:SlimevoidLib:XML Variable loaded for [$tile.stairsQuartz] @ID [156]:XMLLoader.addXmlVariable->SlimevoidCore.console->SlimevoidCore.console
1428067649983:DEBUG:ISERVER:SlimevoidLib:XML Variable loaded for [$tile.activatorRail] @ID [157]:XMLLoader.addXmlVariable->SlimevoidCore.console->SlimevoidCore.console
1428067649983:DEBUG:ISERVER:SlimevoidLib:XML Variable loaded for [$tile.dropper] @ID [158]:XMLLoader.addXmlVariable->SlimevoidCore.console->SlimevoidCore.console
1428067649983:DEBUG:ISERVER:SlimevoidLib:XML Variable loaded for [$tile.clayHardenedStained] @ID [159]:XMLLoader.addXmlVariable->SlimevoidCore.console->SlimevoidCore.console
1428067649984:DEBUG:ISERVER:SlimevoidLib:XML Variable loaded for [$tile.thinStainedGlass] @ID [160]:XMLLoader.addXmlVariable->SlimevoidCore.console->SlimevoidCore.console
1428067649984:DEBUG:ISERVER:SlimevoidLib:XML Variable loaded for [$tile.leaves1] @ID [161]:XMLLoader.addXmlVariable->SlimevoidCore.console->SlimevoidCore.console
1428067649984:DEBUG:ISERVER:SlimevoidLib:XML Variable loaded for [$tile.log1] @ID [162]:XMLLoader.addXmlVariable->SlimevoidCore.console->SlimevoidCore.console
1428067649984:DEBUG:ISERVER:SlimevoidLib:XML Variable loaded for [$tile.stairsWoodAcacia] @ID [163]:XMLLoader.addXmlVariable->SlimevoidCore.console->SlimevoidCore.console
1428067649984:DEBUG:ISERVER:SlimevoidLib:XML Variable loaded for [$tile.stairsWoodDarkOak] @ID [164]:XMLLoader.addXmlVariable->SlimevoidCore.console->SlimevoidCore.console
1428067649984:DEBUG:ISERVER:SlimevoidLib:XML Variable loaded for [$tile.immibis_microblocks.container] @ID [165]:XMLLoader.addXmlVariable->SlimevoidCore.console->SlimevoidCore.console
1428067649984:DEBUG:ISERVER:SlimevoidLib:XML Variable loaded for [$tile.redstonePaste] @ID [166]:XMLLoader.addXmlVariable->SlimevoidCore.console->SlimevoidCore.console
1428067649985:DEBUG:ISERVER:SlimevoidLib:XML Variable loaded for [$tile.blockCarpentersBlock] @ID [167]:XMLLoader.addXmlVariable->SlimevoidCore.console->SlimevoidCore.console
1428067649985:DEBUG:ISERVER:SlimevoidLib:XML Variable loaded for [$tile.blockCarpentersBarrier] @ID [168]:XMLLoader.addXmlVariable->SlimevoidCore.console->SlimevoidCore.console
1428067649985:DEBUG:ISERVER:SlimevoidLib:XML Variable loaded for [$tile.blockCarpentersBed] @ID [169]:XMLLoader.addXmlVariable->SlimevoidCore.console->SlimevoidCore.console
1428067649985:DEBUG:ISERVER:SlimevoidLib:XML Variable loaded for [$tile.hayBlock] @ID [170]:XMLLoader.addXmlVariable->SlimevoidCore.console->SlimevoidCore.console
1428067649985:DEBUG:ISERVER:SlimevoidLib:XML Variable loaded for [$tile.woolCarpet] @ID [171]:XMLLoader.addXmlVariable->SlimevoidCore.console->SlimevoidCore.console
1428067649985:DEBUG:ISERVER:SlimevoidLib:XML Variable loaded for [$tile.clayHardened] @ID [172]:XMLLoader.addXmlVariable->SlimevoidCore.console->SlimevoidCore.console
1428067649985:DEBUG:ISERVER:SlimevoidLib:XML Variable loaded for [$tile.blockCoal] @ID [173]:XMLLoader.addXmlVariable->SlimevoidCore.console->SlimevoidCore.console
1428067649985:DEBUG:ISERVER:SlimevoidLib:XML Variable loaded for [$tile.icePacked] @ID [174]:XMLLoader.addXmlVariable->SlimevoidCore.console->SlimevoidCore.console
1428067649985:DEBUG:ISERVER:SlimevoidLib:XML Variable loaded for [$tile.doublePlant] @ID [175]:XMLLoader.addXmlVariable->SlimevoidCore.console->SlimevoidCore.console
1428067649986:DEBUG:ISERVER:SlimevoidLib:XML Variable loaded for [$tile.blockCarpentersButton] @ID [176]:XMLLoader.addXmlVariable->SlimevoidCore.console->SlimevoidCore.console
1428067649986:DEBUG:ISERVER:SlimevoidLib:XML Variable loaded for [$tile.blockCarpentersCollapsibleBlock] @ID [177]:XMLLoader.addXmlVariable->SlimevoidCore.console->SlimevoidCore.console
1428067649986:DEBUG:ISERVER:SlimevoidLib:XML Variable loaded for [$tile.blockCarpentersDaylightSensor] @ID [178]:XMLLoader.addXmlVariable->SlimevoidCore.console->SlimevoidCore.console
1428067649986:DEBUG:ISERVER:SlimevoidLib:XML Variable loaded for [$tile.blockCarpentersDoor] @ID [179]:XMLLoader.addXmlVariable->SlimevoidCore.console->SlimevoidCore.console
1428067649986:DEBUG:ISERVER:SlimevoidLib:XML Variable loaded for [$tile.blockCarpentersFlowerPot] @ID [180]:XMLLoader.addXmlVariable->SlimevoidCore.console->SlimevoidCore.console
1428067649986:DEBUG:ISERVER:SlimevoidLib:XML Variable loaded for [$tile.blockCarpentersGate] @ID [181]:XMLLoader.addXmlVariable->SlimevoidCore.console->SlimevoidCore.console
1428067649986:DEBUG:ISERVER:SlimevoidLib:XML Variable loaded for [$tile.blockCarpentersHatch] @ID [182]:XMLLoader.addXmlVariable->SlimevoidCore.console->SlimevoidCore.console
1428067649987:DEBUG:ISERVER:SlimevoidLib:XML Variable loaded for [$tile.blockCarpentersLadder] @ID [183]:XMLLoader.addXmlVariable->SlimevoidCore.console->SlimevoidCore.console
1428067649987:DEBUG:ISERVER:SlimevoidLib:XML Variable loaded for [$tile.blockCarpentersLever] @ID [184]:XMLLoader.addXmlVariable->SlimevoidCore.console->SlimevoidCore.console
1428067649987:DEBUG:ISERVER:SlimevoidLib:XML Variable loaded for [$tile.blockCarpentersPressurePlate] @ID [185]:XMLLoader.addXmlVariable->SlimevoidCore.console->SlimevoidCore.console
1428067649987:DEBUG:ISERVER:SlimevoidLib:XML Variable loaded for [$tile.blockCarpentersSafe] @ID [186]:XMLLoader.addXmlVariable->SlimevoidCore.console->SlimevoidCore.console
1428067649987:DEBUG:ISERVER:SlimevoidLib:XML Variable loaded for [$tile.blockCarpentersSlope] @ID [187]:XMLLoader.addXmlVariable->SlimevoidCore.console->SlimevoidCore.console
1428067649987:DEBUG:ISERVER:SlimevoidLib:XML Variable loaded for [$tile.blockCarpentersStairs] @ID [188]:XMLLoader.addXmlVariable->SlimevoidCore.console->SlimevoidCore.console
1428067649988:DEBUG:ISERVER:SlimevoidLib:XML Variable loaded for [$tile.blockCarpentersTorch] @ID [189]:XMLLoader.addXmlVariable->SlimevoidCore.console->SlimevoidCore.console
1428067649988:DEBUG:ISERVER:SlimevoidLib:XML Variable loaded for [$tile.bamboo] @ID [190]:XMLLoader.addXmlVariable->SlimevoidCore.console->SlimevoidCore.console
1428067649988:DEBUG:ISERVER:SlimevoidLib:XML Variable loaded for [$tile.bamboosingle] @ID [191]:XMLLoader.addXmlVariable->SlimevoidCore.console->SlimevoidCore.console
1428067649988:DEBUG:ISERVER:SlimevoidLib:XML Variable loaded for [$tile.bamboo2] @ID [192]:XMLLoader.addXmlVariable->SlimevoidCore.console->SlimevoidCore.console
1428067649988:DEBUG:ISERVER:SlimevoidLib:XML Variable loaded for [$tile.blockbambooshoot] @ID [193]:XMLLoader.addXmlVariable->SlimevoidCore.console->SlimevoidCore.console
1428067649989:DEBUG:ISERVER:SlimevoidLib:XML Variable loaded for [$tile.singleTexDeco] @ID [194]:XMLLoader.addXmlVariable->SlimevoidCore.console->SlimevoidCore.console
1428067649989:DEBUG:ISERVER:SlimevoidLib:XML Variable loaded for [$tile.kitunebi] @ID [195]:XMLLoader.addXmlVariable->SlimevoidCore.console->SlimevoidCore.console
1428067649989:DEBUG:ISERVER:SlimevoidLib:XML Variable loaded for [$tile.jpChest] @ID [196]:XMLLoader.addXmlVariable->SlimevoidCore.console->SlimevoidCore.console
1428067649990:DEBUG:ISERVER:SlimevoidLib:XML Variable loaded for [$tile.dirSquare] @ID [197]:XMLLoader.addXmlVariable->SlimevoidCore.console->SlimevoidCore.console
1428067649990:DEBUG:ISERVER:SlimevoidLib:XML Variable loaded for [$tile.halfDirSquare] @ID [198]:XMLLoader.addXmlVariable->SlimevoidCore.console->SlimevoidCore.console
1428067649990:DEBUG:ISERVER:SlimevoidLib:XML Variable loaded for [$tile.andon] @ID [199]:XMLLoader.addXmlVariable->SlimevoidCore.console->SlimevoidCore.console
1428067649990:DEBUG:ISERVER:SlimevoidLib:XML Variable loaded for [$tile.bambooPanel] @ID [200]:XMLLoader.addXmlVariable->SlimevoidCore.console->SlimevoidCore.console
1428067649990:DEBUG:ISERVER:SlimevoidLib:XML Variable loaded for [$tile.sakuraLeaves] @ID [201]:XMLLoader.addXmlVariable->SlimevoidCore.console->SlimevoidCore.console
1428067649990:DEBUG:ISERVER:SlimevoidLib:XML Variable loaded for [$tile.sakuraSapling] @ID [202]:XMLLoader.addXmlVariable->SlimevoidCore.console->SlimevoidCore.console
1428067649990:DEBUG:ISERVER:SlimevoidLib:XML Variable loaded for [$tile.kayabukiRoof] @ID [203]:XMLLoader.addXmlVariable->SlimevoidCore.console->SlimevoidCore.console
1428067649990:DEBUG:ISERVER:SlimevoidLib:XML Variable loaded for [$tile.spaWater] @ID [204]:XMLLoader.addXmlVariable->SlimevoidCore.console->SlimevoidCore.console
1428067649991:DEBUG:ISERVER:SlimevoidLib:XML Variable loaded for [$tile.spaUnit] @ID [205]:XMLLoader.addXmlVariable->SlimevoidCore.console->SlimevoidCore.console
1428067649991:DEBUG:ISERVER:SlimevoidLib:XML Variable loaded for [$tile.sakuraLog] @ID [206]:XMLLoader.addXmlVariable->SlimevoidCore.console->SlimevoidCore.console
1428067649991:DEBUG:ISERVER:SlimevoidLib:XML Variable loaded for [$tile.delude_width] @ID [207]:XMLLoader.addXmlVariable->SlimevoidCore.console->SlimevoidCore.console
1428067649991:DEBUG:ISERVER:SlimevoidLib:XML Variable loaded for [$tile.delude_height] @ID [208]:XMLLoader.addXmlVariable->SlimevoidCore.console->SlimevoidCore.console
1428067649991:DEBUG:ISERVER:SlimevoidLib:XML Variable loaded for [$tile.delude_stair] @ID [209]:XMLLoader.addXmlVariable->SlimevoidCore.console->SlimevoidCore.console
1428067649991:DEBUG:ISERVER:SlimevoidLib:XML Variable loaded for [$tile.campfire] @ID [210]:XMLLoader.addXmlVariable->SlimevoidCore.console->SlimevoidCore.console
1428067649991:DEBUG:ISERVER:SlimevoidLib:XML Variable loaded for [$tile.deco] @ID [211]:XMLLoader.addXmlVariable->SlimevoidCore.console->SlimevoidCore.console
1428067649992:DEBUG:ISERVER:SlimevoidLib:XML Variable loaded for [$tile.halfDeco] @ID [212]:XMLLoader.addXmlVariable->SlimevoidCore.console->SlimevoidCore.console
1428067649992:DEBUG:ISERVER:SlimevoidLib:XML Variable loaded for [$tile.twoDirDeco] @ID [213]:XMLLoader.addXmlVariable->SlimevoidCore.console->SlimevoidCore.console
1428067649992:DEBUG:ISERVER:SlimevoidLib:XML Variable loaded for [$tile.halfTwoDirDeco] @ID [214]:XMLLoader.addXmlVariable->SlimevoidCore.console->SlimevoidCore.console
1428067649992:DEBUG:ISERVER:SlimevoidLib:XML Variable loaded for [$tile.kawara_stair] @ID [215]:XMLLoader.addXmlVariable->SlimevoidCore.console->SlimevoidCore.console
1428067649992:DEBUG:ISERVER:SlimevoidLib:XML Variable loaded for [$tile.wara_stair] @ID [216]:XMLLoader.addXmlVariable->SlimevoidCore.console->SlimevoidCore.console
1428067649992:DEBUG:ISERVER:SlimevoidLib:XML Variable loaded for [$tile.decoCarpet] @ID [217]:XMLLoader.addXmlVariable->SlimevoidCore.console->SlimevoidCore.console
1428067649992:DEBUG:ISERVER:SlimevoidLib:XML Variable loaded for [$tile.thickSakuraPillar] @ID [218]:XMLLoader.addXmlVariable->SlimevoidCore.console->SlimevoidCore.console
1428067649992:DEBUG:ISERVER:SlimevoidLib:XML Variable loaded for [$tile.thinSakuraPillar] @ID [219]:XMLLoader.addXmlVariable->SlimevoidCore.console->SlimevoidCore.console
1428067649992:DEBUG:ISERVER:SlimevoidLib:XML Variable loaded for [$tile.thickOrcPillar] @ID [220]:XMLLoader.addXmlVariable->SlimevoidCore.console->SlimevoidCore.console
1428067649993:DEBUG:ISERVER:SlimevoidLib:XML Variable loaded for [$tile.thinOrcPillar] @ID [221]:XMLLoader.addXmlVariable->SlimevoidCore.console->SlimevoidCore.console
1428067649993:DEBUG:ISERVER:SlimevoidLib:XML Variable loaded for [$tile.thickSprucePillar] @ID [222]:XMLLoader.addXmlVariable->SlimevoidCore.console->SlimevoidCore.console
1428067649993:DEBUG:ISERVER:SlimevoidLib:XML Variable loaded for [$tile.thinSprucePillar] @ID [223]:XMLLoader.addXmlVariable->SlimevoidCore.console->SlimevoidCore.console
1428067649993:DEBUG:ISERVER:SlimevoidLib:XML Variable loaded for [$tile.thickBirchPillar] @ID [224]:XMLLoader.addXmlVariable->SlimevoidCore.console->SlimevoidCore.console
1428067649993:DEBUG:ISERVER:SlimevoidLib:XML Variable loaded for [$tile.thinBirchPillar] @ID [225]:XMLLoader.addXmlVariable->SlimevoidCore.console->SlimevoidCore.console
1428067649993:DEBUG:ISERVER:SlimevoidLib:XML Variable loaded for [$tile.delude_plate] @ID [226]:XMLLoader.addXmlVariable->SlimevoidCore.console->SlimevoidCore.console
1428067649993:DEBUG:ISERVER:SlimevoidLib:XML Variable loaded for [$tile.ricePlant] @ID [227]:XMLLoader.addXmlVariable->SlimevoidCore.console->SlimevoidCore.console
1428067649993:DEBUG:ISERVER:SlimevoidLib:XML Variable loaded for [$tile.bambooMillStone] @ID [228]:XMLLoader.addXmlVariable->SlimevoidCore.console->SlimevoidCore.console
1428067649993:DEBUG:ISERVER:SlimevoidLib:XML Variable loaded for [$tile.bambooMoss] @ID [229]:XMLLoader.addXmlVariable->SlimevoidCore.console->SlimevoidCore.console
1428067649994:DEBUG:ISERVER:SlimevoidLib:XML Variable loaded for [$tile.bambooMultiPot] @ID [230]:XMLLoader.addXmlVariable->SlimevoidCore.console->SlimevoidCore.console
1428067649994:DEBUG:ISERVER:SlimevoidLib:XML Variable loaded for [$tile.blobkbroom] @ID [231]:XMLLoader.addXmlVariable->SlimevoidCore.console->SlimevoidCore.console
1428067649994:DEBUG:ISERVER:SlimevoidLib:XML Variable loaded for [$tile.bamboohuton] @ID [232]:XMLLoader.addXmlVariable->SlimevoidCore.console->SlimevoidCore.console
1428067649994:DEBUG:ISERVER:SlimevoidLib:XML Variable loaded for [$tile.bamboomultiblock] @ID [233]:XMLLoader.addXmlVariable->SlimevoidCore.console->SlimevoidCore.console
1428067649995:DEBUG:ISERVER:SlimevoidLib:XML Variable loaded for [$tile.alphamultiblock] @ID [234]:XMLLoader.addXmlVariable->SlimevoidCore.console->SlimevoidCore.console
1428067649995:DEBUG:ISERVER:SlimevoidLib:XML Variable loaded for [$tile.sakuracarpet] @ID [235]:XMLLoader.addXmlVariable->SlimevoidCore.console->SlimevoidCore.console
1428067649995:DEBUG:ISERVER:SlimevoidLib:XML Variable loaded for [$tile.decoPlaster] @ID [236]:XMLLoader.addXmlVariable->SlimevoidCore.console->SlimevoidCore.console
1428067649995:DEBUG:ISERVER:SlimevoidLib:XML Variable loaded for [$tile.decoCurvePlaster] @ID [237]:XMLLoader.addXmlVariable->SlimevoidCore.console->SlimevoidCore.console
1428067649995:DEBUG:ISERVER:SlimevoidLib:XML Variable loaded for [$tile.decoDCurvePlaster] @ID [238]:XMLLoader.addXmlVariable->SlimevoidCore.console->SlimevoidCore.console
1428067649995:DEBUG:ISERVER:SlimevoidLib:XML Variable loaded for [$tile.seaweed] @ID [239]:XMLLoader.addXmlVariable->SlimevoidCore.console->SlimevoidCore.console
1428067649995:DEBUG:ISERVER:SlimevoidLib:XML Variable loaded for [$tile.beanPlant] @ID [240]:XMLLoader.addXmlVariable->SlimevoidCore.console->SlimevoidCore.console
1428067649996:DEBUG:ISERVER:SlimevoidLib:XML Variable loaded for [$tile.tomatoPlant] @ID [241]:XMLLoader.addXmlVariable->SlimevoidCore.console->SlimevoidCore.console
1428067649996:DEBUG:ISERVER:SlimevoidLib:XML Variable loaded for [$tile.villagerBlock] @ID [242]:XMLLoader.addXmlVariable->SlimevoidCore.console->SlimevoidCore.console
1428067649996:DEBUG:ISERVER:SlimevoidLib:XML Variable loaded for [$tile.crossLamp] @ID [243]:XMLLoader.addXmlVariable->SlimevoidCore.console->SlimevoidCore.console
1428067649996:DEBUG:ISERVER:SlimevoidLib:XML Variable loaded for [$tile.bambooLiangThick] @ID [244]:XMLLoader.addXmlVariable->SlimevoidCore.console->SlimevoidCore.console
1428067649996:DEBUG:ISERVER:SlimevoidLib:XML Variable loaded for [$tile.bambooLiangVLogThick] @ID [245]:XMLLoader.addXmlVariable->SlimevoidCore.console->SlimevoidCore.console
1428067649996:DEBUG:ISERVER:SlimevoidLib:XML Variable loaded for [$tile.bambooLiangVLog2Thick] @ID [246]:XMLLoader.addXmlVariable->SlimevoidCore.console->SlimevoidCore.console
1428067649996:DEBUG:ISERVER:SlimevoidLib:XML Variable loaded for [$tile.bambooLiangVWoodThick] @ID [247]:XMLLoader.addXmlVariable->SlimevoidCore.console->SlimevoidCore.console
1428067649996:DEBUG:ISERVER:SlimevoidLib:XML Variable loaded for [$tile.bambooLiangThin] @ID [248]:XMLLoader.addXmlVariable->SlimevoidCore.console->SlimevoidCore.console
1428067649996:DEBUG:ISERVER:SlimevoidLib:XML Variable loaded for [$tile.bambooLiangVLogThin] @ID [249]:XMLLoader.addXmlVariable->SlimevoidCore.console->SlimevoidCore.console
1428067649997:DEBUG:ISERVER:SlimevoidLib:XML Variable loaded for [$tile.bambooLiangVLog2Thin] @ID [250]:XMLLoader.addXmlVariable->SlimevoidCore.console->SlimevoidCore.console
1428067649997:DEBUG:ISERVER:SlimevoidLib:XML Variable loaded for [$tile.bambooLiangVWoodThin] @ID [251]:XMLLoader.addXmlVariable->SlimevoidCore.console->SlimevoidCore.console
1428067649997:DEBUG:ISERVER:SlimevoidLib:XML Variable loaded for [$tile.maneki] @ID [252]:XMLLoader.addXmlVariable->SlimevoidCore.console->SlimevoidCore.console
1428067649997:DEBUG:ISERVER:SlimevoidLib:XML Variable loaded for [$tile.lb.littleblocks] @ID [253]:XMLLoader.addXmlVariable->SlimevoidCore.console->SlimevoidCore.console
1428067649997:DEBUG:ISERVER:SlimevoidLib:XML Variable loaded for [$tile.multipart] @ID [254]:XMLLoader.addXmlVariable->SlimevoidCore.console->SlimevoidCore.console
1428067649997:DEBUG:ISERVER:SlimevoidLib:XML Variable loaded for [$tile.blockLightSource] @ID [255]:XMLLoader.addXmlVariable->SlimevoidCore.console->SlimevoidCore.console
1428067649998:DEBUG:ISERVER:SlimevoidLib:XML Variable loaded for [$tile.chickenChunkLoader] @ID [409]:XMLLoader.addXmlVariable->SlimevoidCore.console->SlimevoidCore.console
1428067649998:DEBUG:ISERVER:SlimevoidLib:XML Variable loaded for [$item.shovelIron] @ID [256]:XMLLoader.addXmlVariable->SlimevoidCore.console->SlimevoidCore.console
1428067649998:DEBUG:ISERVER:SlimevoidLib:XML Variable loaded for [$item.pickaxeIron] @ID [257]:XMLLoader.addXmlVariable->SlimevoidCore.console->SlimevoidCore.console
1428067649998:DEBUG:ISERVER:SlimevoidLib:XML Variable loaded for [$item.hatchetIron] @ID [258]:XMLLoader.addXmlVariable->SlimevoidCore.console->SlimevoidCore.console
1428067649998:DEBUG:ISERVER:SlimevoidLib:XML Variable loaded for [$item.flintAndSteel] @ID [259]:XMLLoader.addXmlVariable->SlimevoidCore.console->SlimevoidCore.console
1428067649998:DEBUG:ISERVER:SlimevoidLib:XML Variable loaded for [$item.apple] @ID [260]:XMLLoader.addXmlVariable->SlimevoidCore.console->SlimevoidCore.console
1428067649998:DEBUG:ISERVER:SlimevoidLib:XML Variable loaded for [$item.bow] @ID [261]:XMLLoader.addXmlVariable->SlimevoidCore.console->SlimevoidCore.console
1428067649999:DEBUG:ISERVER:SlimevoidLib:XML Variable loaded for [$item.arrow] @ID [262]:XMLLoader.addXmlVariable->SlimevoidCore.console->SlimevoidCore.console
1428067649999:DEBUG:ISERVER:SlimevoidLib:XML Variable loaded for [$item.coal] @ID [263]:XMLLoader.addXmlVariable->SlimevoidCore.console->SlimevoidCore.console
1428067649999:DEBUG:ISERVER:SlimevoidLib:XML Variable loaded for [$item.diamond] @ID [264]:XMLLoader.addXmlVariable->SlimevoidCore.console->SlimevoidCore.console
1428067649999:DEBUG:ISERVER:SlimevoidLib:XML Variable loaded for [$item.ingotIron] @ID [265]:XMLLoader.addXmlVariable->SlimevoidCore.console->SlimevoidCore.console
1428067649999:DEBUG:ISERVER:SlimevoidLib:XML Variable loaded for [$item.ingotGold] @ID [266]:XMLLoader.addXmlVariable->SlimevoidCore.console->SlimevoidCore.console
1428067650000:DEBUG:ISERVER:SlimevoidLib:XML Variable loaded for [$item.swordIron] @ID [267]:XMLLoader.addXmlVariable->SlimevoidCore.console->SlimevoidCore.console
1428067650000:DEBUG:ISERVER:SlimevoidLib:XML Variable loaded for [$item.swordWood] @ID [268]:XMLLoader.addXmlVariable->SlimevoidCore.console->SlimevoidCore.console
1428067650000:DEBUG:ISERVER:SlimevoidLib:XML Variable loaded for [$item.shovelWood] @ID [269]:XMLLoader.addXmlVariable->SlimevoidCore.console->SlimevoidCore.console
1428067650000:DEBUG:ISERVER:SlimevoidLib:XML Variable loaded for [$item.pickaxeWood] @ID [270]:XMLLoader.addXmlVariable->SlimevoidCore.console->SlimevoidCore.console
1428067650000:DEBUG:ISERVER:SlimevoidLib:XML Variable loaded for [$item.hatchetWood] @ID [271]:XMLLoader.addXmlVariable->SlimevoidCore.console->SlimevoidCore.console
1428067650000:DEBUG:ISERVER:SlimevoidLib:XML Variable loaded for [$item.swordStone] @ID [272]:XMLLoader.addXmlVariable->SlimevoidCore.console->SlimevoidCore.console
1428067650000:DEBUG:ISERVER:SlimevoidLib:XML Variable loaded for [$item.shovelStone] @ID [273]:XMLLoader.addXmlVariable->SlimevoidCore.console->SlimevoidCore.console
1428067650030:DEBUG:ISERVER:SlimevoidLib:XML Variable loaded for [$item.pickaxeStone] @ID [274]:XMLLoader.addXmlVariable->SlimevoidCore.console->SlimevoidCore.console
1428067650030:DEBUG:ISERVER:SlimevoidLib:XML Variable loaded for [$item.hatchetStone] @ID [275]:XMLLoader.addXmlVariable->SlimevoidCore.console->SlimevoidCore.console
1428067650030:DEBUG:ISERVER:SlimevoidLib:XML Variable loaded for [$item.swordDiamond] @ID [276]:XMLLoader.addXmlVariable->SlimevoidCore.console->SlimevoidCore.console
1428067650030:DEBUG:ISERVER:SlimevoidLib:XML Variable loaded for [$item.shovelDiamond] @ID [277]:XMLLoader.addXmlVariable->SlimevoidCore.console->SlimevoidCore.console
1428067650030:DEBUG:ISERVER:SlimevoidLib:XML Variable loaded for [$item.pickaxeDiamond] @ID [278]:XMLLoader.addXmlVariable->SlimevoidCore.console->SlimevoidCore.console
1428067650030:DEBUG:ISERVER:SlimevoidLib:XML Variable loaded for [$item.hatchetDiamond] @ID [279]:XMLLoader.addXmlVariable->SlimevoidCore.console->SlimevoidCore.console
1428067650031:DEBUG:ISERVER:SlimevoidLib:XML Variable loaded for [$item.stick] @ID [280]:XMLLoader.addXmlVariable->SlimevoidCore.console->SlimevoidCore.console
1428067650031:DEBUG:ISERVER:SlimevoidLib:XML Variable loaded for [$item.bowl] @ID [281]:XMLLoader.addXmlVariable->SlimevoidCore.console->SlimevoidCore.console
1428067650031:DEBUG:ISERVER:SlimevoidLib:XML Variable loaded for [$item.mushroomStew] @ID [282]:XMLLoader.addXmlVariable->SlimevoidCore.console->SlimevoidCore.console
1428067650031:DEBUG:ISERVER:SlimevoidLib:XML Variable loaded for [$item.swordGold] @ID [283]:XMLLoader.addXmlVariable->SlimevoidCore.console->SlimevoidCore.console
1428067650031:DEBUG:ISERVER:SlimevoidLib:XML Variable loaded for [$item.shovelGold] @ID [284]:XMLLoader.addXmlVariable->SlimevoidCore.console->SlimevoidCore.console
1428067650031:DEBUG:ISERVER:SlimevoidLib:XML Variable loaded for [$item.pickaxeGold] @ID [285]:XMLLoader.addXmlVariable->SlimevoidCore.console->SlimevoidCore.console
1428067650031:DEBUG:ISERVER:SlimevoidLib:XML Variable loaded for [$item.hatchetGold] @ID [286]:XMLLoader.addXmlVariable->SlimevoidCore.console->SlimevoidCore.console
1428067650031:DEBUG:ISERVER:SlimevoidLib:XML Variable loaded for [$item.string] @ID [287]:XMLLoader.addXmlVariable->SlimevoidCore.console->SlimevoidCore.console
1428067650031:DEBUG:ISERVER:SlimevoidLib:XML Variable loaded for [$item.feather] @ID [288]:XMLLoader.addXmlVariable->SlimevoidCore.console->SlimevoidCore.console
1428067650032:DEBUG:ISERVER:SlimevoidLib:XML Variable loaded for [$item.sulphur] @ID [289]:XMLLoader.addXmlVariable->SlimevoidCore.console->SlimevoidCore.console
1428067650032:DEBUG:ISERVER:SlimevoidLib:XML Variable loaded for [$item.hoeWood] @ID [290]:XMLLoader.addXmlVariable->SlimevoidCore.console->SlimevoidCore.console
1428067650032:DEBUG:ISERVER:SlimevoidLib:XML Variable loaded for [$item.hoeStone] @ID [291]:XMLLoader.addXmlVariable->SlimevoidCore.console->SlimevoidCore.console
1428067650032:DEBUG:ISERVER:SlimevoidLib:XML Variable loaded for [$item.hoeIron] @ID [292]:XMLLoader.addXmlVariable->SlimevoidCore.console->SlimevoidCore.console
1428067650032:DEBUG:ISERVER:SlimevoidLib:XML Variable loaded for [$item.hoeDiamond] @ID [293]:XMLLoader.addXmlVariable->SlimevoidCore.console->SlimevoidCore.console
1428067650032:DEBUG:ISERVER:SlimevoidLib:XML Variable loaded for [$item.hoeGold] @ID [294]:XMLLoader.addXmlVariable->SlimevoidCore.console->SlimevoidCore.console
1428067650032:DEBUG:ISERVER:SlimevoidLib:XML Variable loaded for [$item.seeds] @ID [295]:XMLLoader.addXmlVariable->SlimevoidCore.console->SlimevoidCore.console
1428067650032:DEBUG:ISERVER:SlimevoidLib:XML Variable loaded for [$item.wheat] @ID [296]:XMLLoader.addXmlVariable->SlimevoidCore.console->SlimevoidCore.console
1428067650032:DEBUG:ISERVER:SlimevoidLib:XML Variable loaded for [$item.bread] @ID [297]:XMLLoader.addXmlVariable->SlimevoidCore.console->SlimevoidCore.console
1428067650033:DEBUG:ISERVER:SlimevoidLib:XML Variable loaded for [$item.helmetCloth] @ID [298]:XMLLoader.addXmlVariable->SlimevoidCore.console->SlimevoidCore.console
1428067650033:DEBUG:ISERVER:SlimevoidLib:XML Variable loaded for [$item.chestplateCloth] @ID [299]:XMLLoader.addXmlVariable->SlimevoidCore.console->SlimevoidCore.console
1428067650033:DEBUG:ISERVER:SlimevoidLib:XML Variable loaded for [$item.leggingsCloth] @ID [300]:XMLLoader.addXmlVariable->SlimevoidCore.console->SlimevoidCore.console
1428067650033:DEBUG:ISERVER:SlimevoidLib:XML Variable loaded for [$item.bootsCloth] @ID [301]:XMLLoader.addXmlVariable->SlimevoidCore.console->SlimevoidCore.console
1428067650033:DEBUG:ISERVER:SlimevoidLib:XML Variable loaded for [$item.helmetChain] @ID [302]:XMLLoader.addXmlVariable->SlimevoidCore.console->SlimevoidCore.console
1428067650033:DEBUG:ISERVER:SlimevoidLib:XML Variable loaded for [$item.chestplateChain] @ID [303]:XMLLoader.addXmlVariable->SlimevoidCore.console->SlimevoidCore.console
1428067650033:DEBUG:ISERVER:SlimevoidLib:XML Variable loaded for [$item.leggingsChain] @ID [304]:XMLLoader.addXmlVariable->SlimevoidCore.console->SlimevoidCore.console
1428067650033:DEBUG:ISERVER:SlimevoidLib:XML Variable loaded for [$item.bootsChain] @ID [305]:XMLLoader.addXmlVariable->SlimevoidCore.console->SlimevoidCore.console
1428067650033:DEBUG:ISERVER:SlimevoidLib:XML Variable loaded for [$item.helmetIron] @ID [306]:XMLLoader.addXmlVariable->SlimevoidCore.console->SlimevoidCore.console
1428067650034:DEBUG:ISERVER:SlimevoidLib:XML Variable loaded for [$item.chestplateIron] @ID [307]:XMLLoader.addXmlVariable->SlimevoidCore.console->SlimevoidCore.console
1428067650034:DEBUG:ISERVER:SlimevoidLib:XML Variable loaded for [$item.leggingsIron] @ID [308]:XMLLoader.addXmlVariable->SlimevoidCore.console->SlimevoidCore.console
1428067650034:DEBUG:ISERVER:SlimevoidLib:XML Variable loaded for [$item.bootsIron] @ID [309]:XMLLoader.addXmlVariable->SlimevoidCore.console->SlimevoidCore.console
1428067650034:DEBUG:ISERVER:SlimevoidLib:XML Variable loaded for [$item.helmetDiamond] @ID [310]:XMLLoader.addXmlVariable->SlimevoidCore.console->SlimevoidCore.console
1428067650034:DEBUG:ISERVER:SlimevoidLib:XML Variable loaded for [$item.chestplateDiamond] @ID [311]:XMLLoader.addXmlVariable->SlimevoidCore.console->SlimevoidCore.console
1428067650034:DEBUG:ISERVER:SlimevoidLib:XML Variable loaded for [$item.leggingsDiamond] @ID [312]:XMLLoader.addXmlVariable->SlimevoidCore.console->SlimevoidCore.console
1428067650034:DEBUG:ISERVER:SlimevoidLib:XML Variable loaded for [$item.bootsDiamond] @ID [313]:XMLLoader.addXmlVariable->SlimevoidCore.console->SlimevoidCore.console
1428067650034:DEBUG:ISERVER:SlimevoidLib:XML Variable loaded for [$item.helmetGold] @ID [314]:XMLLoader.addXmlVariable->SlimevoidCore.console->SlimevoidCore.console
1428067650034:DEBUG:ISERVER:SlimevoidLib:XML Variable loaded for [$item.chestplateGold] @ID [315]:XMLLoader.addXmlVariable->SlimevoidCore.console->SlimevoidCore.console
1428067650035:DEBUG:ISERVER:SlimevoidLib:XML Variable loaded for [$item.leggingsGold] @ID [316]:XMLLoader.addXmlVariable->SlimevoidCore.console->SlimevoidCore.console
1428067650035:DEBUG:ISERVER:SlimevoidLib:XML Variable loaded for [$item.bootsGold] @ID [317]:XMLLoader.addXmlVariable->SlimevoidCore.console->SlimevoidCore.console
1428067650035:DEBUG:ISERVER:SlimevoidLib:XML Variable loaded for [$item.flint] @ID [318]:XMLLoader.addXmlVariable->SlimevoidCore.console->SlimevoidCore.console
1428067650035:DEBUG:ISERVER:SlimevoidLib:XML Variable loaded for [$item.porkchopRaw] @ID [319]:XMLLoader.addXmlVariable->SlimevoidCore.console->SlimevoidCore.console
1428067650035:DEBUG:ISERVER:SlimevoidLib:XML Variable loaded for [$item.porkchopCooked] @ID [320]:XMLLoader.addXmlVariable->SlimevoidCore.console->SlimevoidCore.console
1428067650035:DEBUG:ISERVER:SlimevoidLib:XML Variable loaded for [$item.painting] @ID [321]:XMLLoader.addXmlVariable->SlimevoidCore.console->SlimevoidCore.console
1428067650035:DEBUG:ISERVER:SlimevoidLib:XML Variable loaded for [$item.appleGold] @ID [322]:XMLLoader.addXmlVariable->SlimevoidCore.console->SlimevoidCore.console
1428067650035:DEBUG:ISERVER:SlimevoidLib:XML Variable loaded for [$item.sign] @ID [323]:XMLLoader.addXmlVariable->SlimevoidCore.console->SlimevoidCore.console
1428067650036:DEBUG:ISERVER:SlimevoidLib:XML Variable loaded for [$item.doorWood] @ID [324]:XMLLoader.addXmlVariable->SlimevoidCore.console->SlimevoidCore.console
1428067650036:DEBUG:ISERVER:SlimevoidLib:XML Variable loaded for [$item.bucket] @ID [325]:XMLLoader.addXmlVariable->SlimevoidCore.console->SlimevoidCore.console
1428067650036:DEBUG:ISERVER:SlimevoidLib:XML Variable loaded for [$item.bucketWater] @ID [326]:XMLLoader.addXmlVariable->SlimevoidCore.console->SlimevoidCore.console
1428067650036:DEBUG:ISERVER:SlimevoidLib:XML Variable loaded for [$item.bucketLava] @ID [327]:XMLLoader.addXmlVariable->SlimevoidCore.console->SlimevoidCore.console
1428067650036:DEBUG:ISERVER:SlimevoidLib:XML Variable loaded for [$item.minecart] @ID [328]:XMLLoader.addXmlVariable->SlimevoidCore.console->SlimevoidCore.console
1428067650036:DEBUG:ISERVER:SlimevoidLib:XML Variable loaded for [$item.saddle] @ID [329]:XMLLoader.addXmlVariable->SlimevoidCore.console->SlimevoidCore.console
1428067650036:DEBUG:ISERVER:SlimevoidLib:XML Variable loaded for [$item.doorIron] @ID [330]:XMLLoader.addXmlVariable->SlimevoidCore.console->SlimevoidCore.console
1428067650036:DEBUG:ISERVER:SlimevoidLib:XML Variable loaded for [$item.redstone] @ID [331]:XMLLoader.addXmlVariable->SlimevoidCore.console->SlimevoidCore.console
1428067650036:DEBUG:ISERVER:SlimevoidLib:XML Variable loaded for [$item.snowball] @ID [332]:XMLLoader.addXmlVariable->SlimevoidCore.console->SlimevoidCore.console
1428067650037:DEBUG:ISERVER:SlimevoidLib:XML Variable loaded for [$item.boat] @ID [333]:XMLLoader.addXmlVariable->SlimevoidCore.console->SlimevoidCore.console
1428067650037:DEBUG:ISERVER:SlimevoidLib:XML Variable loaded for [$item.leather] @ID [334]:XMLLoader.addXmlVariable->SlimevoidCore.console->SlimevoidCore.console
1428067650037:DEBUG:ISERVER:SlimevoidLib:XML Variable loaded for [$item.milk] @ID [335]:XMLLoader.addXmlVariable->SlimevoidCore.console->SlimevoidCore.console
1428067650037:DEBUG:ISERVER:SlimevoidLib:XML Variable loaded for [$item.brick] @ID [336]:XMLLoader.addXmlVariable->SlimevoidCore.console->SlimevoidCore.console
1428067650037:DEBUG:ISERVER:SlimevoidLib:XML Variable loaded for [$item.clay] @ID [337]:XMLLoader.addXmlVariable->SlimevoidCore.console->SlimevoidCore.console
1428067650037:DEBUG:ISERVER:SlimevoidLib:XML Variable loaded for [$item.reeds] @ID [338]:XMLLoader.addXmlVariable->SlimevoidCore.console->SlimevoidCore.console
1428067650037:DEBUG:ISERVER:SlimevoidLib:XML Variable loaded for [$item.paper] @ID [339]:XMLLoader.addXmlVariable->SlimevoidCore.console->SlimevoidCore.console
1428067650037:DEBUG:ISERVER:SlimevoidLib:XML Variable loaded for [$item.book] @ID [340]:XMLLoader.addXmlVariable->SlimevoidCore.console->SlimevoidCore.console
1428067650037:DEBUG:ISERVER:SlimevoidLib:XML Variable loaded for [$item.slimeball] @ID [341]:XMLLoader.addXmlVariable->SlimevoidCore.console->SlimevoidCore.console
1428067650038:DEBUG:ISERVER:SlimevoidLib:XML Variable loaded for [$item.minecartChest] @ID [342]:XMLLoader.addXmlVariable->SlimevoidCore.console->SlimevoidCore.console
1428067650038:DEBUG:ISERVER:SlimevoidLib:XML Variable loaded for [$item.minecartFurnace] @ID [343]:XMLLoader.addXmlVariable->SlimevoidCore.console->SlimevoidCore.console
1428067650038:DEBUG:ISERVER:SlimevoidLib:XML Variable loaded for [$item.egg] @ID [344]:XMLLoader.addXmlVariable->SlimevoidCore.console->SlimevoidCore.console
1428067650038:DEBUG:ISERVER:SlimevoidLib:XML Variable loaded for [$item.compass] @ID [345]:XMLLoader.addXmlVariable->SlimevoidCore.console->SlimevoidCore.console
1428067650038:DEBUG:ISERVER:SlimevoidLib:XML Variable loaded for [$item.fishingRod] @ID [346]:XMLLoader.addXmlVariable->SlimevoidCore.console->SlimevoidCore.console
1428067650038:DEBUG:ISERVER:SlimevoidLib:XML Variable loaded for [$item.clock] @ID [347]:XMLLoader.addXmlVariable->SlimevoidCore.console->SlimevoidCore.console
1428067650038:DEBUG:ISERVER:SlimevoidLib:XML Variable loaded for [$item.yellowDust] @ID [348]:XMLLoader.addXmlVariable->SlimevoidCore.console->SlimevoidCore.console
1428067650038:DEBUG:ISERVER:SlimevoidLib:XML Variable loaded for [$item.fish] @ID [349]:XMLLoader.addXmlVariable->SlimevoidCore.console->SlimevoidCore.console
1428067650039:DEBUG:ISERVER:SlimevoidLib:XML Variable loaded for [$item.fish1] @ID [350]:XMLLoader.addXmlVariable->SlimevoidCore.console->SlimevoidCore.console
1428067650039:DEBUG:ISERVER:SlimevoidLib:XML Variable loaded for [$item.dyePowder] @ID [351]:XMLLoader.addXmlVariable->SlimevoidCore.console->SlimevoidCore.console
1428067650039:DEBUG:ISERVER:SlimevoidLib:XML Variable loaded for [$item.bone] @ID [352]:XMLLoader.addXmlVariable->SlimevoidCore.console->SlimevoidCore.console
1428067650039:DEBUG:ISERVER:SlimevoidLib:XML Variable loaded for [$item.sugar] @ID [353]:XMLLoader.addXmlVariable->SlimevoidCore.console->SlimevoidCore.console
1428067650039:DEBUG:ISERVER:SlimevoidLib:XML Variable loaded for [$item.cake] @ID [354]:XMLLoader.addXmlVariable->SlimevoidCore.console->SlimevoidCore.console
1428067650039:DEBUG:ISERVER:SlimevoidLib:XML Variable loaded for [$item.bed] @ID [355]:XMLLoader.addXmlVariable->SlimevoidCore.console->SlimevoidCore.console
1428067650040:DEBUG:ISERVER:SlimevoidLib:XML Variable loaded for [$item.diode] @ID [356]:XMLLoader.addXmlVariable->SlimevoidCore.console->SlimevoidCore.console
1428067650040:DEBUG:ISERVER:SlimevoidLib:XML Variable loaded for [$item.cookie] @ID [357]:XMLLoader.addXmlVariable->SlimevoidCore.console->SlimevoidCore.console
1428067650040:DEBUG:ISERVER:SlimevoidLib:XML Variable loaded for [$item.map] @ID [358]:XMLLoader.addXmlVariable->SlimevoidCore.console->SlimevoidCore.console
1428067650040:DEBUG:ISERVER:SlimevoidLib:XML Variable loaded for [$item.shears] @ID [359]:XMLLoader.addXmlVariable->SlimevoidCore.console->SlimevoidCore.console
1428067650040:DEBUG:ISERVER:SlimevoidLib:XML Variable loaded for [$item.melon] @ID [360]:XMLLoader.addXmlVariable->SlimevoidCore.console->SlimevoidCore.console
1428067650040:DEBUG:ISERVER:SlimevoidLib:XML Variable loaded for [$item.seeds_pumpkin] @ID [361]:XMLLoader.addXmlVariable->SlimevoidCore.console->SlimevoidCore.console
1428067650041:DEBUG:ISERVER:SlimevoidLib:XML Variable loaded for [$item.seeds_melon] @ID [362]:XMLLoader.addXmlVariable->SlimevoidCore.console->SlimevoidCore.console
1428067650041:DEBUG:ISERVER:SlimevoidLib:XML Variable loaded for [$item.beefRaw] @ID [363]:XMLLoader.addXmlVariable->SlimevoidCore.console->SlimevoidCore.console
1428067650041:DEBUG:ISERVER:SlimevoidLib:XML Variable loaded for [$item.beefCooked] @ID [364]:XMLLoader.addXmlVariable->SlimevoidCore.console->SlimevoidCore.console
1428067650041:DEBUG:ISERVER:SlimevoidLib:XML Variable loaded for [$item.chickenRaw] @ID [365]:XMLLoader.addXmlVariable->SlimevoidCore.console->SlimevoidCore.console
1428067650041:DEBUG:ISERVER:SlimevoidLib:XML Variable loaded for [$item.chickenCooked] @ID [366]:XMLLoader.addXmlVariable->SlimevoidCore.console->SlimevoidCore.console
1428067650041:DEBUG:ISERVER:SlimevoidLib:XML Variable loaded for [$item.rottenFlesh] @ID [367]:XMLLoader.addXmlVariable->SlimevoidCore.console->SlimevoidCore.console
1428067650041:DEBUG:ISERVER:SlimevoidLib:XML Variable loaded for [$item.enderPearl] @ID [368]:XMLLoader.addXmlVariable->SlimevoidCore.console->SlimevoidCore.console
1428067650041:DEBUG:ISERVER:SlimevoidLib:XML Variable loaded for [$item.blazeRod] @ID [369]:XMLLoader.addXmlVariable->SlimevoidCore.console->SlimevoidCore.console
1428067650041:DEBUG:ISERVER:SlimevoidLib:XML Variable loaded for [$item.ghastTear] @ID [370]:XMLLoader.addXmlVariable->SlimevoidCore.console->SlimevoidCore.console
1428067650042:DEBUG:ISERVER:SlimevoidLib:XML Variable loaded for [$item.goldNugget] @ID [371]:XMLLoader.addXmlVariable->SlimevoidCore.console->SlimevoidCore.console
1428067650042:DEBUG:ISERVER:SlimevoidLib:XML Variable loaded for [$item.netherStalkSeeds] @ID [372]:XMLLoader.addXmlVariable->SlimevoidCore.console->SlimevoidCore.console
1428067650042:DEBUG:ISERVER:SlimevoidLib:XML Variable loaded for [$item.potion] @ID [373]:XMLLoader.addXmlVariable->SlimevoidCore.console->SlimevoidCore.console
1428067650042:DEBUG:ISERVER:SlimevoidLib:XML Variable loaded for [$item.glassBottle] @ID [374]:XMLLoader.addXmlVariable->SlimevoidCore.console->SlimevoidCore.console
1428067650042:DEBUG:ISERVER:SlimevoidLib:XML Variable loaded for [$item.spiderEye] @ID [375]:XMLLoader.addXmlVariable->SlimevoidCore.console->SlimevoidCore.console
1428067650042:DEBUG:ISERVER:SlimevoidLib:XML Variable loaded for [$item.fermentedSpiderEye] @ID [376]:XMLLoader.addXmlVariable->SlimevoidCore.console->SlimevoidCore.console
1428067650042:DEBUG:ISERVER:SlimevoidLib:XML Variable loaded for [$item.blazePowder] @ID [377]:XMLLoader.addXmlVariable->SlimevoidCore.console->SlimevoidCore.console
1428067650044:DEBUG:ISERVER:SlimevoidLib:XML Variable loaded for [$item.magmaCream] @ID [378]:XMLLoader.addXmlVariable->SlimevoidCore.console->SlimevoidCore.console
1428067650044:DEBUG:ISERVER:SlimevoidLib:XML Variable loaded for [$item.brewingStand] @ID [379]:XMLLoader.addXmlVariable->SlimevoidCore.console->SlimevoidCore.console
1428067650044:DEBUG:ISERVER:SlimevoidLib:XML Variable loaded for [$item.cauldron] @ID [380]:XMLLoader.addXmlVariable->SlimevoidCore.console->SlimevoidCore.console
1428067650044:DEBUG:ISERVER:SlimevoidLib:XML Variable loaded for [$item.eyeOfEnder] @ID [381]:XMLLoader.addXmlVariable->SlimevoidCore.console->SlimevoidCore.console
1428067650044:DEBUG:ISERVER:SlimevoidLib:XML Variable loaded for [$item.speckledMelon] @ID [382]:XMLLoader.addXmlVariable->SlimevoidCore.console->SlimevoidCore.console
1428067650045:DEBUG:ISERVER:SlimevoidLib:XML Variable loaded for [$item.monsterPlacer] @ID [383]:XMLLoader.addXmlVariable->SlimevoidCore.console->SlimevoidCore.console
1428067650045:DEBUG:ISERVER:SlimevoidLib:XML Variable loaded for [$item.expBottle] @ID [384]:XMLLoader.addXmlVariable->SlimevoidCore.console->SlimevoidCore.console
1428067650045:DEBUG:ISERVER:SlimevoidLib:XML Variable loaded for [$item.fireball] @ID [385]:XMLLoader.addXmlVariable->SlimevoidCore.console->SlimevoidCore.console
1428067650045:DEBUG:ISERVER:SlimevoidLib:XML Variable loaded for [$item.writingBook] @ID [386]:XMLLoader.addXmlVariable->SlimevoidCore.console->SlimevoidCore.console
1428067650045:DEBUG:ISERVER:SlimevoidLib:XML Variable loaded for [$item.writtenBook] @ID [387]:XMLLoader.addXmlVariable->SlimevoidCore.console->SlimevoidCore.console
1428067650045:DEBUG:ISERVER:SlimevoidLib:XML Variable loaded for [$item.emerald] @ID [388]:XMLLoader.addXmlVariable->SlimevoidCore.console->SlimevoidCore.console
1428067650045:DEBUG:ISERVER:SlimevoidLib:XML Variable loaded for [$item.frame] @ID [389]:XMLLoader.addXmlVariable->SlimevoidCore.console->SlimevoidCore.console
1428067650045:DEBUG:ISERVER:SlimevoidLib:XML Variable loaded for [$item.flowerPot] @ID [390]:XMLLoader.addXmlVariable->SlimevoidCore.console->SlimevoidCore.console
1428067650045:DEBUG:ISERVER:SlimevoidLib:XML Variable loaded for [$item.carrots] @ID [391]:XMLLoader.addXmlVariable->SlimevoidCore.console->SlimevoidCore.console
1428067650046:DEBUG:ISERVER:SlimevoidLib:XML Variable loaded for [$item.potato] @ID [392]:XMLLoader.addXmlVariable->SlimevoidCore.console->SlimevoidCore.console
1428067650046:DEBUG:ISERVER:SlimevoidLib:XML Variable loaded for [$item.potatoBaked] @ID [393]:XMLLoader.addXmlVariable->SlimevoidCore.console->SlimevoidCore.console
1428067650046:DEBUG:ISERVER:SlimevoidLib:XML Variable loaded for [$item.potatoPoisonous] @ID [394]:XMLLoader.addXmlVariable->SlimevoidCore.console->SlimevoidCore.console
1428067650046:DEBUG:ISERVER:SlimevoidLib:XML Variable loaded for [$item.emptyMap] @ID [395]:XMLLoader.addXmlVariable->SlimevoidCore.console->SlimevoidCore.console
1428067650046:DEBUG:ISERVER:SlimevoidLib:XML Variable loaded for [$item.carrotGolden] @ID [396]:XMLLoader.addXmlVariable->SlimevoidCore.console->SlimevoidCore.console
1428067650046:DEBUG:ISERVER:SlimevoidLib:XML Variable loaded for [$item.skull] @ID [397]:XMLLoader.addXmlVariable->SlimevoidCore.console->SlimevoidCore.console
1428067650046:DEBUG:ISERVER:SlimevoidLib:XML Variable loaded for [$item.carrotOnAStick] @ID [398]:XMLLoader.addXmlVariable->SlimevoidCore.console->SlimevoidCore.console
1428067650046:DEBUG:ISERVER:SlimevoidLib:XML Variable loaded for [$item.netherStar] @ID [399]:XMLLoader.addXmlVariable->SlimevoidCore.console->SlimevoidCore.console
1428067650047:DEBUG:ISERVER:SlimevoidLib:XML Variable loaded for [$item.pumpkinPie] @ID [400]:XMLLoader.addXmlVariable->SlimevoidCore.console->SlimevoidCore.console
1428067650047:DEBUG:ISERVER:SlimevoidLib:XML Variable loaded for [$item.fireworks] @ID [401]:XMLLoader.addXmlVariable->SlimevoidCore.console->SlimevoidCore.console
1428067650047:DEBUG:ISERVER:SlimevoidLib:XML Variable loaded for [$item.fireworksCharge] @ID [402]:XMLLoader.addXmlVariable->SlimevoidCore.console->SlimevoidCore.console
1428067650047:DEBUG:ISERVER:SlimevoidLib:XML Variable loaded for [$item.enchantedBook] @ID [403]:XMLLoader.addXmlVariable->SlimevoidCore.console->SlimevoidCore.console
1428067650047:DEBUG:ISERVER:SlimevoidLib:XML Variable loaded for [$item.comparator] @ID [404]:XMLLoader.addXmlVariable->SlimevoidCore.console->SlimevoidCore.console
1428067650047:DEBUG:ISERVER:SlimevoidLib:XML Variable loaded for [$item.netherbrick] @ID [405]:XMLLoader.addXmlVariable->SlimevoidCore.console->SlimevoidCore.console
1428067650047:DEBUG:ISERVER:SlimevoidLib:XML Variable loaded for [$item.netherquartz] @ID [406]:XMLLoader.addXmlVariable->SlimevoidCore.console->SlimevoidCore.console
1428067650047:DEBUG:ISERVER:SlimevoidLib:XML Variable loaded for [$item.minecartTnt] @ID [407]:XMLLoader.addXmlVariable->SlimevoidCore.console->SlimevoidCore.console
1428067650047:DEBUG:ISERVER:SlimevoidLib:XML Variable loaded for [$item.minecartHopper] @ID [408]:XMLLoader.addXmlVariable->SlimevoidCore.console->SlimevoidCore.console
1428067650048:DEBUG:ISERVER:SlimevoidLib:XML Variable loaded for [$item.horsearmormetal] @ID [417]:XMLLoader.addXmlVariable->SlimevoidCore.console->SlimevoidCore.console
1428067650048:DEBUG:ISERVER:SlimevoidLib:XML Variable loaded for [$item.horsearmorgold] @ID [418]:XMLLoader.addXmlVariable->SlimevoidCore.console->SlimevoidCore.console
1428067650048:DEBUG:ISERVER:SlimevoidLib:XML Variable loaded for [$item.horsearmordiamond] @ID [419]:XMLLoader.addXmlVariable->SlimevoidCore.console->SlimevoidCore.console
1428067650048:DEBUG:ISERVER:SlimevoidLib:XML Variable loaded for [$item.leash] @ID [420]:XMLLoader.addXmlVariable->SlimevoidCore.console->SlimevoidCore.console
1428067650048:DEBUG:ISERVER:SlimevoidLib:XML Variable loaded for [$item.nameTag] @ID [421]:XMLLoader.addXmlVariable->SlimevoidCore.console->SlimevoidCore.console
1428067650048:DEBUG:ISERVER:SlimevoidLib:XML Variable loaded for [$item.minecartCommandBlock] @ID [422]:XMLLoader.addXmlVariable->SlimevoidCore.console->SlimevoidCore.console
1428067650048:DEBUG:ISERVER:SlimevoidLib:XML Variable loaded for [$item.record] @ID [2256]:XMLLoader.addXmlVariable->SlimevoidCore.console->SlimevoidCore.console
1428067650048:DEBUG:ISERVER:SlimevoidLib:XML Variable loaded for [$item.record1] @ID [2257]:XMLLoader.addXmlVariable->SlimevoidCore.console->SlimevoidCore.console
1428067650048:DEBUG:ISERVER:SlimevoidLib:XML Variable loaded for [$item.record2] @ID [2258]:XMLLoader.addXmlVariable->SlimevoidCore.console->SlimevoidCore.console
1428067650049:DEBUG:ISERVER:SlimevoidLib:XML Variable loaded for [$item.record3] @ID [2259]:XMLLoader.addXmlVariable->SlimevoidCore.console->SlimevoidCore.console
1428067650049:DEBUG:ISERVER:SlimevoidLib:XML Variable loaded for [$item.record4] @ID [2260]:XMLLoader.addXmlVariable->SlimevoidCore.console->SlimevoidCore.console
1428067650049:DEBUG:ISERVER:SlimevoidLib:XML Variable loaded for [$item.record5] @ID [2261]:XMLLoader.addXmlVariable->SlimevoidCore.console->SlimevoidCore.console
1428067650049:DEBUG:ISERVER:SlimevoidLib:XML Variable loaded for [$item.record6] @ID [2262]:XMLLoader.addXmlVariable->SlimevoidCore.console->SlimevoidCore.console
1428067650049:DEBUG:ISERVER:SlimevoidLib:XML Variable loaded for [$item.record7] @ID [2263]:XMLLoader.addXmlVariable->SlimevoidCore.console->SlimevoidCore.console
1428067650049:DEBUG:ISERVER:SlimevoidLib:XML Variable loaded for [$item.record8] @ID [2264]:XMLLoader.addXmlVariable->SlimevoidCore.console->SlimevoidCore.console
1428067650049:DEBUG:ISERVER:SlimevoidLib:XML Variable loaded for [$item.record9] @ID [2265]:XMLLoader.addXmlVariable->SlimevoidCore.console->SlimevoidCore.console
1428067650049:DEBUG:ISERVER:SlimevoidLib:XML Variable loaded for [$item.record10] @ID [2266]:XMLLoader.addXmlVariable->SlimevoidCore.console->SlimevoidCore.console
1428067650050:DEBUG:ISERVER:SlimevoidLib:XML Variable loaded for [$item.record11] @ID [2267]:XMLLoader.addXmlVariable->SlimevoidCore.console->SlimevoidCore.console
1428067650050:DEBUG:ISERVER:SlimevoidLib:XML Variable loaded for [$item.immibis_microblocks.saw] @ID [4096]:XMLLoader.addXmlVariable->SlimevoidCore.console->SlimevoidCore.console
1428067650050:DEBUG:ISERVER:SlimevoidLib:XML Variable loaded for [$item.stickyRepeater] @ID [4097]:XMLLoader.addXmlVariable->SlimevoidCore.console->SlimevoidCore.console
1428067650050:DEBUG:ISERVER:SlimevoidLib:XML Variable loaded for [$item.stickyComparator] @ID [4098]:XMLLoader.addXmlVariable->SlimevoidCore.console->SlimevoidCore.console
1428067650050:DEBUG:ISERVER:SlimevoidLib:XML Variable loaded for [$item.itemCarpentersHammer] @ID [4099]:XMLLoader.addXmlVariable->SlimevoidCore.console->SlimevoidCore.console
1428067650050:DEBUG:ISERVER:SlimevoidLib:XML Variable loaded for [$item.itemCarpentersChisel] @ID [4100]:XMLLoader.addXmlVariable->SlimevoidCore.console->SlimevoidCore.console
1428067650050:DEBUG:ISERVER:SlimevoidLib:XML Variable loaded for [$item.itemCarpentersDoor] @ID [4101]:XMLLoader.addXmlVariable->SlimevoidCore.console->SlimevoidCore.console
1428067650050:DEBUG:ISERVER:SlimevoidLib:XML Variable loaded for [$item.itemCarpentersBed] @ID [4102]:XMLLoader.addXmlVariable->SlimevoidCore.console->SlimevoidCore.console
1428067650050:DEBUG:ISERVER:SlimevoidLib:XML Variable loaded for [$item.itemCarpentersTile] @ID [4103]:XMLLoader.addXmlVariable->SlimevoidCore.console->SlimevoidCore.console
1428067650051:DEBUG:ISERVER:SlimevoidLib:XML Variable loaded for [$item.bamboobasket] @ID [4104]:XMLLoader.addXmlVariable->SlimevoidCore.console->SlimevoidCore.console
1428067650051:DEBUG:ISERVER:SlimevoidLib:XML Variable loaded for [$item.firecracker] @ID [4105]:XMLLoader.addXmlVariable->SlimevoidCore.console->SlimevoidCore.console
1428067650051:DEBUG:ISERVER:SlimevoidLib:XML Variable loaded for [$item.bambooFood] @ID [4106]:XMLLoader.addXmlVariable->SlimevoidCore.console->SlimevoidCore.console
1428067650051:DEBUG:ISERVER:SlimevoidLib:XML Variable loaded for [$item.bamboospear] @ID [4107]:XMLLoader.addXmlVariable->SlimevoidCore.console->SlimevoidCore.console
1428067650051:DEBUG:ISERVER:SlimevoidLib:XML Variable loaded for [$item.slideDoor] @ID [4108]:XMLLoader.addXmlVariable->SlimevoidCore.console->SlimevoidCore.console
1428067650051:DEBUG:ISERVER:SlimevoidLib:XML Variable loaded for [$item.kakeziku] @ID [4109]:XMLLoader.addXmlVariable->SlimevoidCore.console->SlimevoidCore.console
1428067650051:DEBUG:ISERVER:SlimevoidLib:XML Variable loaded for [$item.huton] @ID [4110]:XMLLoader.addXmlVariable->SlimevoidCore.console->SlimevoidCore.console
1428067650051:DEBUG:ISERVER:SlimevoidLib:XML Variable loaded for [$item.boiledEgg] @ID [4111]:XMLLoader.addXmlVariable->SlimevoidCore.console->SlimevoidCore.console
1428067650052:DEBUG:ISERVER:SlimevoidLib:XML Variable loaded for [$item.shavedice] @ID [4112]:XMLLoader.addXmlVariable->SlimevoidCore.console->SlimevoidCore.console
1428067650052:DEBUG:ISERVER:SlimevoidLib:XML Variable loaded for [$item.windchime] @ID [4113]:XMLLoader.addXmlVariable->SlimevoidCore.console->SlimevoidCore.console
1428067650052:DEBUG:ISERVER:SlimevoidLib:XML Variable loaded for [$item.itemsack] @ID [4114]:XMLLoader.addXmlVariable->SlimevoidCore.console->SlimevoidCore.console
1428067650052:DEBUG:ISERVER:SlimevoidLib:XML Variable loaded for [$item.snowball1] @ID [4115]:XMLLoader.addXmlVariable->SlimevoidCore.console->SlimevoidCore.console
1428067650052:DEBUG:ISERVER:SlimevoidLib:XML Variable loaded for [$item.fan] @ID [4116]:XMLLoader.addXmlVariable->SlimevoidCore.console->SlimevoidCore.console
1428067650052:DEBUG:ISERVER:SlimevoidLib:XML Variable loaded for [$item.katana] @ID [4117]:XMLLoader.addXmlVariable->SlimevoidCore.console->SlimevoidCore.console
1428067650052:DEBUG:ISERVER:SlimevoidLib:XML Variable loaded for [$item.bamboobow] @ID [4118]:XMLLoader.addXmlVariable->SlimevoidCore.console->SlimevoidCore.console
1428067650052:DEBUG:ISERVER:SlimevoidLib:XML Variable loaded for [$item.tudura] @ID [4119]:XMLLoader.addXmlVariable->SlimevoidCore.console->SlimevoidCore.console
1428067650053:DEBUG:ISERVER:SlimevoidLib:XML Variable loaded for [$item.windmill] @ID [4120]:XMLLoader.addXmlVariable->SlimevoidCore.console->SlimevoidCore.console
1428067650053:DEBUG:ISERVER:SlimevoidLib:XML Variable loaded for [$item.waterwheel] @ID [4121]:XMLLoader.addXmlVariable->SlimevoidCore.console->SlimevoidCore.console
1428067650053:DEBUG:ISERVER:SlimevoidLib:XML Variable loaded for [$item.itembamboo] @ID [4122]:XMLLoader.addXmlVariable->SlimevoidCore.console->SlimevoidCore.console
1428067650053:DEBUG:ISERVER:SlimevoidLib:XML Variable loaded for [$item.kaginawa] @ID [4123]:XMLLoader.addXmlVariable->SlimevoidCore.console->SlimevoidCore.console
1428067650053:DEBUG:ISERVER:SlimevoidLib:XML Variable loaded for [$item.bamboosword] @ID [4124]:XMLLoader.addXmlVariable->SlimevoidCore.console->SlimevoidCore.console
1428067650053:DEBUG:ISERVER:SlimevoidLib:XML Variable loaded for [$item.obon] @ID [4125]:XMLLoader.addXmlVariable->SlimevoidCore.console->SlimevoidCore.console
1428067650053:DEBUG:ISERVER:SlimevoidLib:XML Variable loaded for [$item.magatama] @ID [4126]:XMLLoader.addXmlVariable->SlimevoidCore.console->SlimevoidCore.console
1428067650053:DEBUG:ISERVER:SlimevoidLib:XML Variable loaded for [$item.straw] @ID [4127]:XMLLoader.addXmlVariable->SlimevoidCore.console->SlimevoidCore.console
1428067650053:DEBUG:ISERVER:SlimevoidLib:XML Variable loaded for [$item.seedrice] @ID [4128]:XMLLoader.addXmlVariable->SlimevoidCore.console->SlimevoidCore.console
1428067650053:DEBUG:ISERVER:SlimevoidLib:XML Variable loaded for [$item.rawrice] @ID [4129]:XMLLoader.addXmlVariable->SlimevoidCore.console->SlimevoidCore.console
1428067650054:DEBUG:ISERVER:SlimevoidLib:XML Variable loaded for [$item.zabuton] @ID [4130]:XMLLoader.addXmlVariable->SlimevoidCore.console->SlimevoidCore.console
1428067650054:DEBUG:ISERVER:SlimevoidLib:XML Variable loaded for [$item.itemFireflyBottle] @ID [4131]:XMLLoader.addXmlVariable->SlimevoidCore.console->SlimevoidCore.console
1428067650054:DEBUG:ISERVER:SlimevoidLib:XML Variable loaded for [$item.bambooDustCray] @ID [4132]:XMLLoader.addXmlVariable->SlimevoidCore.console->SlimevoidCore.console
1428067650054:DEBUG:ISERVER:SlimevoidLib:XML Variable loaded for [$item.bamboopickaxe] @ID [4133]:XMLLoader.addXmlVariable->SlimevoidCore.console->SlimevoidCore.console
1428067650054:DEBUG:ISERVER:SlimevoidLib:XML Variable loaded for [$item.seedseaweed] @ID [4134]:XMLLoader.addXmlVariable->SlimevoidCore.console->SlimevoidCore.console
1428067650054:DEBUG:ISERVER:SlimevoidLib:XML Variable loaded for [$item.itemseaweed] @ID [4135]:XMLLoader.addXmlVariable->SlimevoidCore.console->SlimevoidCore.console
1428067650054:DEBUG:ISERVER:SlimevoidLib:XML Variable loaded for [$item.itembean] @ID [4136]:XMLLoader.addXmlVariable->SlimevoidCore.console->SlimevoidCore.console
1428067650054:DEBUG:ISERVER:SlimevoidLib:XML Variable loaded for [$item.cookingrecipe] @ID [4137]:XMLLoader.addXmlVariable->SlimevoidCore.console->SlimevoidCore.console
1428067650054:DEBUG:ISERVER:SlimevoidLib:XML Variable loaded for [$item.bambooflour] @ID [4138]:XMLLoader.addXmlVariable->SlimevoidCore.console->SlimevoidCore.console
1428067650055:DEBUG:ISERVER:SlimevoidLib:XML Variable loaded for [$item.bamboodough] @ID [4139]:XMLLoader.addXmlVariable->SlimevoidCore.console->SlimevoidCore.console
1428067650055:DEBUG:ISERVER:SlimevoidLib:XML Variable loaded for [$item.itemtomato] @ID [4140]:XMLLoader.addXmlVariable->SlimevoidCore.console->SlimevoidCore.console
1428067650055:DEBUG:ISERVER:SlimevoidLib:XML Variable loaded for [$item.lb.wand] @ID [4141]:XMLLoader.addXmlVariable->SlimevoidCore.console->SlimevoidCore.console
1428067650055:DEBUG:ISERVER:SlimevoidLib:XML Variable loaded for [$item.warpbook] @ID [4142]:XMLLoader.addXmlVariable->SlimevoidCore.console->SlimevoidCore.console
1428067650055:DEBUG:ISERVER:SlimevoidLib:XML Variable loaded for [$item.warppage] @ID [4143]:XMLLoader.addXmlVariable->SlimevoidCore.console->SlimevoidCore.console
1428067650055:DEBUG:ISERVER:SlimevoidLib:XML Variable loaded for [$item.microblock] @ID [4144]:XMLLoader.addXmlVariable->SlimevoidCore.console->SlimevoidCore.console
1428067650055:DEBUG:ISERVER:SlimevoidLib:XML Variable loaded for [$item.microblock:sawStone] @ID [4145]:XMLLoader.addXmlVariable->SlimevoidCore.console->SlimevoidCore.console
1428067650055:DEBUG:ISERVER:SlimevoidLib:XML Variable loaded for [$item.microblock:sawIron] @ID [4146]:XMLLoader.addXmlVariable->SlimevoidCore.console->SlimevoidCore.console
1428067650055:DEBUG:ISERVER:SlimevoidLib:XML Variable loaded for [$item.microblock:sawDiamond] @ID [4147]:XMLLoader.addXmlVariable->SlimevoidCore.console->SlimevoidCore.console
1428067650056:DEBUG:ISERVER:SlimevoidLib:XML Variable loaded for [$item.microblock:stoneRod] @ID [4148]:XMLLoader.addXmlVariable->SlimevoidCore.console->SlimevoidCore.console
1428067650056:DEBUG:ISERVER:SlimevoidLib:XML Variable loaded for [$item.itemLightRod] @ID [4149]:XMLLoader.addXmlVariable->SlimevoidCore.console->SlimevoidCore.console
1428067650056:DEBUG:ISERVER:SlimevoidLib:XML Variable loaded for [$item.itemDarkRod] @ID [4150]:XMLLoader.addXmlVariable->SlimevoidCore.console->SlimevoidCore.console
1428067650116:DEBUG:ISERVER:LittleBlocks:Registering event handlers...:LBInit.initialize->SlimevoidCore.console->SlimevoidCore.console
1428067650155:DEBUG:ISERVER:LittleBlocks:Registering render information...:LBInit.initialize->SlimevoidCore.console->SlimevoidCore.console
1428067650162:DEBUG:ISERVER:LittleBlocks:Registering tick handlers...:LBInit.initialize->SlimevoidCore.console->SlimevoidCore.console
1428067650168:DEBUG:ISERVER:LittleBlocks:Registering recipes...:LBInit.initialize->SlimevoidCore.console->SlimevoidCore.console
1428067650168:DEBUG:ISERVER:LittleBlocks:Initializing Little helper...:LBInit.initialize->SlimevoidCore.console->SlimevoidCore.console
1428067650172:DEBUG:ISERVER:LittleBlocks:Registering Little Wand...:LBInit.initialize->SlimevoidCore.console->SlimevoidCore.console